
*** Running vivado
    with args -log urbana_aes_0_2.vds -m64 -product Vivado -mode batch -messageDb vivado.pb -notrace -source urbana_aes_0_2.tcl


****** Vivado v2017.4 (64-bit)
  **** SW Build 2086221 on Fri Dec 15 20:55:39 MST 2017
  **** IP Build 2085800 on Fri Dec 15 22:25:07 MST 2017
    ** Copyright 1986-2017 Xilinx, Inc. All Rights Reserved.

source urbana_aes_0_2.tcl -notrace
Command: synth_design -top urbana_aes_0_2 -part xc7s50csga324-2 -mode out_of_context
Starting synth_design
Attempting to get a license for feature 'Synthesis' and/or device 'xc7s50'
INFO: [Common 17-349] Got license for feature 'Synthesis' and/or device 'xc7s50'
INFO: Launching helper process for spawning children vivado processes
INFO: Helper process launched with PID 27484 
---------------------------------------------------------------------------------
Starting RTL Elaboration : Time (s): cpu = 00:00:03 ; elapsed = 00:00:08 . Memory (MB): peak = 360.461 ; gain = 97.914
---------------------------------------------------------------------------------
INFO: [Synth 8-638] synthesizing module 'urbana_aes_0_2' [d:/Security/nthu_sys_lcm_only/nthu_sys_lcm_only.srcs/sources_1/bd/urbana/ip/urbana_aes_0_2/synth/urbana_aes_0_2.v:57]
INFO: [Synth 8-638] synthesizing module 'aes_v1_0' [d:/Security/nthu_sys_lcm_only/nthu_sys_lcm_only.srcs/sources_1/bd/urbana/ipshared/7e02/hdl/aes_v1_0.v:4]
	Parameter C_S00_AXI_DATA_WIDTH bound to: 32 - type: integer 
	Parameter C_S00_AXI_ADDR_WIDTH bound to: 4 - type: integer 
INFO: [Synth 8-638] synthesizing module 'aes_v1_0_S00_AXI' [d:/Security/nthu_sys_lcm_only/nthu_sys_lcm_only.srcs/sources_1/bd/urbana/ipshared/7e02/hdl/aes_v1_0_S00_AXI.v:4]
	Parameter C_S_AXI_DATA_WIDTH bound to: 32 - type: integer 
	Parameter C_S_AXI_ADDR_WIDTH bound to: 4 - type: integer 
	Parameter ADDR_LSB bound to: 2 - type: integer 
	Parameter OPT_MEM_ADDR_BITS bound to: 1 - type: integer 
INFO: [Synth 8-226] default block is never used [d:/Security/nthu_sys_lcm_only/nthu_sys_lcm_only.srcs/sources_1/bd/urbana/ipshared/7e02/hdl/aes_v1_0_S00_AXI.v:238]
INFO: [Synth 8-226] default block is never used [d:/Security/nthu_sys_lcm_only/nthu_sys_lcm_only.srcs/sources_1/bd/urbana/ipshared/7e02/hdl/aes_v1_0_S00_AXI.v:379]
WARNING: [Synth 8-151] case item 2'b00 is unreachable [d:/Security/nthu_sys_lcm_only/nthu_sys_lcm_only.srcs/sources_1/bd/urbana/ipshared/7e02/hdl/aes_v1_0_S00_AXI.v:436]
WARNING: [Synth 8-151] case item 2'b00 is unreachable [d:/Security/nthu_sys_lcm_only/nthu_sys_lcm_only.srcs/sources_1/bd/urbana/ipshared/7e02/hdl/aes_v1_0_S00_AXI.v:436]
WARNING: [Synth 8-151] case item 2'b00 is unreachable [d:/Security/nthu_sys_lcm_only/nthu_sys_lcm_only.srcs/sources_1/bd/urbana/ipshared/7e02/hdl/aes_v1_0_S00_AXI.v:436]
WARNING: [Synth 8-151] case item 2'b00 is unreachable [d:/Security/nthu_sys_lcm_only/nthu_sys_lcm_only.srcs/sources_1/bd/urbana/ipshared/7e02/hdl/aes_v1_0_S00_AXI.v:454]
WARNING: [Synth 8-151] case item 2'b00 is unreachable [d:/Security/nthu_sys_lcm_only/nthu_sys_lcm_only.srcs/sources_1/bd/urbana/ipshared/7e02/hdl/aes_v1_0_S00_AXI.v:454]
WARNING: [Synth 8-151] case item 2'b00 is unreachable [d:/Security/nthu_sys_lcm_only/nthu_sys_lcm_only.srcs/sources_1/bd/urbana/ipshared/7e02/hdl/aes_v1_0_S00_AXI.v:454]
INFO: [Synth 8-638] synthesizing module 'aes' [d:/Security/nthu_sys_lcm_only/nthu_sys_lcm_only.srcs/sources_1/bd/urbana/ipshared/7e02/src/aes.v:23]
	Parameter IDLE bound to: 5'b00000 
	Parameter DIN_LD bound to: 5'b00001 
	Parameter AddRoundKey_0 bound to: 5'b00010 
	Parameter SubBytes bound to: 5'b00011 
	Parameter ShiftRows bound to: 5'b00100 
	Parameter MixColumns bound to: 5'b00101 
	Parameter InvShiftRow bound to: 5'b00110 
	Parameter InvSubBytes bound to: 5'b00111 
	Parameter InvMixColumns bound to: 5'b01000 
	Parameter AddRoundKey bound to: 5'b01001 
	Parameter SubBytes_10 bound to: 5'b01010 
	Parameter ShiftRows_10 bound to: 5'b01011 
	Parameter InvShiftRows_10 bound to: 5'b01100 
	Parameter InvSubBytes_10 bound to: 5'b01101 
	Parameter AddRoundKey_10 bound to: 5'b01110 
	Parameter Done bound to: 5'b01111 
	Parameter Revoke bound to: 5'b10000 
INFO: [Synth 8-638] synthesizing module 'kexp' [d:/Security/nthu_sys_lcm_only/nthu_sys_lcm_only.srcs/sources_1/bd/urbana/ipshared/7e02/src/aes.v:271]
	Parameter IDLE bound to: 4'b0000 
	Parameter RK0 bound to: 4'b0001 
	Parameter RK1 bound to: 4'b0010 
	Parameter RK2 bound to: 4'b0011 
	Parameter RK3 bound to: 4'b0100 
	Parameter RK4 bound to: 4'b0101 
	Parameter RK5 bound to: 4'b0110 
	Parameter RK6 bound to: 4'b0111 
	Parameter RK7 bound to: 4'b1000 
	Parameter RK8 bound to: 4'b1001 
	Parameter RK9 bound to: 4'b1010 
	Parameter DONE bound to: 4'b1011 
INFO: [Synth 8-638] synthesizing module 'sbox' [d:/Security/nthu_sys_lcm_only/nthu_sys_lcm_only.srcs/sources_1/bd/urbana/ipshared/7e02/src/aes.v:530]
INFO: [Synth 8-256] done synthesizing module 'sbox' (1#1) [d:/Security/nthu_sys_lcm_only/nthu_sys_lcm_only.srcs/sources_1/bd/urbana/ipshared/7e02/src/aes.v:530]
INFO: [Synth 8-256] done synthesizing module 'kexp' (2#1) [d:/Security/nthu_sys_lcm_only/nthu_sys_lcm_only.srcs/sources_1/bd/urbana/ipshared/7e02/src/aes.v:271]
INFO: [Synth 8-638] synthesizing module 'InvSbox' [d:/Security/nthu_sys_lcm_only/nthu_sys_lcm_only.srcs/sources_1/bd/urbana/ipshared/7e02/src/aes.v:938]
INFO: [Synth 8-3536] HDL ADVISOR - Pragma parallel_case detected. Simulation mismatch may occur [d:/Security/nthu_sys_lcm_only/nthu_sys_lcm_only.srcs/sources_1/bd/urbana/ipshared/7e02/src/aes.v:944]
INFO: [Synth 8-3536] HDL ADVISOR - Pragma full_case detected. Simulation mismatch may occur [d:/Security/nthu_sys_lcm_only/nthu_sys_lcm_only.srcs/sources_1/bd/urbana/ipshared/7e02/src/aes.v:944]
INFO: [Synth 8-256] done synthesizing module 'InvSbox' (3#1) [d:/Security/nthu_sys_lcm_only/nthu_sys_lcm_only.srcs/sources_1/bd/urbana/ipshared/7e02/src/aes.v:938]
INFO: [Synth 8-638] synthesizing module 'MixColumns' [d:/Security/nthu_sys_lcm_only/nthu_sys_lcm_only.srcs/sources_1/bd/urbana/ipshared/7e02/src/aes.v:890]
INFO: [Synth 8-638] synthesizing module 'xTimes2' [d:/Security/nthu_sys_lcm_only/nthu_sys_lcm_only.srcs/sources_1/bd/urbana/ipshared/7e02/src/aes.v:916]
INFO: [Synth 8-256] done synthesizing module 'xTimes2' (4#1) [d:/Security/nthu_sys_lcm_only/nthu_sys_lcm_only.srcs/sources_1/bd/urbana/ipshared/7e02/src/aes.v:916]
INFO: [Synth 8-638] synthesizing module 'xTimes3' [d:/Security/nthu_sys_lcm_only/nthu_sys_lcm_only.srcs/sources_1/bd/urbana/ipshared/7e02/src/aes.v:930]
INFO: [Synth 8-256] done synthesizing module 'xTimes3' (5#1) [d:/Security/nthu_sys_lcm_only/nthu_sys_lcm_only.srcs/sources_1/bd/urbana/ipshared/7e02/src/aes.v:930]
INFO: [Synth 8-256] done synthesizing module 'MixColumns' (6#1) [d:/Security/nthu_sys_lcm_only/nthu_sys_lcm_only.srcs/sources_1/bd/urbana/ipshared/7e02/src/aes.v:890]
INFO: [Synth 8-638] synthesizing module 'InvMixColumns' [d:/Security/nthu_sys_lcm_only/nthu_sys_lcm_only.srcs/sources_1/bd/urbana/ipshared/7e02/src/aes.v:812]
INFO: [Synth 8-638] synthesizing module 'xTimes0e' [d:/Security/nthu_sys_lcm_only/nthu_sys_lcm_only.srcs/sources_1/bd/urbana/ipshared/7e02/src/aes.v:847]
INFO: [Synth 8-256] done synthesizing module 'xTimes0e' (7#1) [d:/Security/nthu_sys_lcm_only/nthu_sys_lcm_only.srcs/sources_1/bd/urbana/ipshared/7e02/src/aes.v:847]
INFO: [Synth 8-638] synthesizing module 'xTimes0b' [d:/Security/nthu_sys_lcm_only/nthu_sys_lcm_only.srcs/sources_1/bd/urbana/ipshared/7e02/src/aes.v:858]
INFO: [Synth 8-256] done synthesizing module 'xTimes0b' (8#1) [d:/Security/nthu_sys_lcm_only/nthu_sys_lcm_only.srcs/sources_1/bd/urbana/ipshared/7e02/src/aes.v:858]
INFO: [Synth 8-638] synthesizing module 'xTimes0d' [d:/Security/nthu_sys_lcm_only/nthu_sys_lcm_only.srcs/sources_1/bd/urbana/ipshared/7e02/src/aes.v:869]
INFO: [Synth 8-256] done synthesizing module 'xTimes0d' (9#1) [d:/Security/nthu_sys_lcm_only/nthu_sys_lcm_only.srcs/sources_1/bd/urbana/ipshared/7e02/src/aes.v:869]
INFO: [Synth 8-638] synthesizing module 'xTimes09' [d:/Security/nthu_sys_lcm_only/nthu_sys_lcm_only.srcs/sources_1/bd/urbana/ipshared/7e02/src/aes.v:880]
INFO: [Synth 8-256] done synthesizing module 'xTimes09' (10#1) [d:/Security/nthu_sys_lcm_only/nthu_sys_lcm_only.srcs/sources_1/bd/urbana/ipshared/7e02/src/aes.v:880]
INFO: [Synth 8-256] done synthesizing module 'InvMixColumns' (11#1) [d:/Security/nthu_sys_lcm_only/nthu_sys_lcm_only.srcs/sources_1/bd/urbana/ipshared/7e02/src/aes.v:812]
INFO: [Synth 8-226] default block is never used [d:/Security/nthu_sys_lcm_only/nthu_sys_lcm_only.srcs/sources_1/bd/urbana/ipshared/7e02/src/aes.v:148]
INFO: [Synth 8-226] default block is never used [d:/Security/nthu_sys_lcm_only/nthu_sys_lcm_only.srcs/sources_1/bd/urbana/ipshared/7e02/src/aes.v:179]
INFO: [Synth 8-226] default block is never used [d:/Security/nthu_sys_lcm_only/nthu_sys_lcm_only.srcs/sources_1/bd/urbana/ipshared/7e02/src/aes.v:193]
INFO: [Synth 8-226] default block is never used [d:/Security/nthu_sys_lcm_only/nthu_sys_lcm_only.srcs/sources_1/bd/urbana/ipshared/7e02/src/aes.v:215]
INFO: [Synth 8-256] done synthesizing module 'aes' (12#1) [d:/Security/nthu_sys_lcm_only/nthu_sys_lcm_only.srcs/sources_1/bd/urbana/ipshared/7e02/src/aes.v:23]
WARNING: [Synth 8-6014] Unused sequential element slv_reg2_reg was removed.  [d:/Security/nthu_sys_lcm_only/nthu_sys_lcm_only.srcs/sources_1/bd/urbana/ipshared/7e02/hdl/aes_v1_0_S00_AXI.v:232]
WARNING: [Synth 8-6014] Unused sequential element slv_reg3_reg was removed.  [d:/Security/nthu_sys_lcm_only/nthu_sys_lcm_only.srcs/sources_1/bd/urbana/ipshared/7e02/hdl/aes_v1_0_S00_AXI.v:233]
INFO: [Synth 8-256] done synthesizing module 'aes_v1_0_S00_AXI' (13#1) [d:/Security/nthu_sys_lcm_only/nthu_sys_lcm_only.srcs/sources_1/bd/urbana/ipshared/7e02/hdl/aes_v1_0_S00_AXI.v:4]
INFO: [Synth 8-256] done synthesizing module 'aes_v1_0' (14#1) [d:/Security/nthu_sys_lcm_only/nthu_sys_lcm_only.srcs/sources_1/bd/urbana/ipshared/7e02/hdl/aes_v1_0.v:4]
INFO: [Synth 8-256] done synthesizing module 'urbana_aes_0_2' (15#1) [d:/Security/nthu_sys_lcm_only/nthu_sys_lcm_only.srcs/sources_1/bd/urbana/ip/urbana_aes_0_2/synth/urbana_aes_0_2.v:57]
WARNING: [Synth 8-3331] design aes_v1_0_S00_AXI has unconnected port S_AXI_AWPROT[2]
WARNING: [Synth 8-3331] design aes_v1_0_S00_AXI has unconnected port S_AXI_AWPROT[1]
WARNING: [Synth 8-3331] design aes_v1_0_S00_AXI has unconnected port S_AXI_AWPROT[0]
WARNING: [Synth 8-3331] design aes_v1_0_S00_AXI has unconnected port S_AXI_ARPROT[2]
WARNING: [Synth 8-3331] design aes_v1_0_S00_AXI has unconnected port S_AXI_ARPROT[1]
WARNING: [Synth 8-3331] design aes_v1_0_S00_AXI has unconnected port S_AXI_ARPROT[0]
---------------------------------------------------------------------------------
Finished RTL Elaboration : Time (s): cpu = 00:00:04 ; elapsed = 00:00:10 . Memory (MB): peak = 412.859 ; gain = 150.312
---------------------------------------------------------------------------------

Report Check Netlist: 
+------+------------------+-------+---------+-------+------------------+
|      |Item              |Errors |Warnings |Status |Description       |
+------+------------------+-------+---------+-------+------------------+
|1     |multi_driven_nets |      0|        0|Passed |Multi driven nets |
+------+------------------+-------+---------+-------+------------------+
---------------------------------------------------------------------------------
Finished RTL Optimization Phase 1 : Time (s): cpu = 00:00:04 ; elapsed = 00:00:10 . Memory (MB): peak = 412.859 ; gain = 150.312
---------------------------------------------------------------------------------
INFO: [Device 21-403] Loading part xc7s50csga324-2
INFO: [Project 1-570] Preparing netlist for logic optimization

Processing XDC Constraints
Initializing timing engine
Completed Processing XDC Constraints

INFO: [Project 1-111] Unisim Transformation Summary:
No Unisim elements were transformed.

Constraint Validation Runtime : Time (s): cpu = 00:00:00 ; elapsed = 00:00:00.147 . Memory (MB): peak = 737.379 ; gain = 1.738
---------------------------------------------------------------------------------
Finished Constraint Validation : Time (s): cpu = 00:00:10 ; elapsed = 00:00:27 . Memory (MB): peak = 737.379 ; gain = 474.832
---------------------------------------------------------------------------------
---------------------------------------------------------------------------------
Start Loading Part and Timing Information
---------------------------------------------------------------------------------
Loading part: xc7s50csga324-2
---------------------------------------------------------------------------------
Finished Loading Part and Timing Information : Time (s): cpu = 00:00:10 ; elapsed = 00:00:27 . Memory (MB): peak = 737.379 ; gain = 474.832
---------------------------------------------------------------------------------
---------------------------------------------------------------------------------
Start Applying 'set_property' XDC Constraints
---------------------------------------------------------------------------------
---------------------------------------------------------------------------------
Finished applying 'set_property' XDC Constraints : Time (s): cpu = 00:00:10 ; elapsed = 00:00:27 . Memory (MB): peak = 737.379 ; gain = 474.832
---------------------------------------------------------------------------------
INFO: [Synth 8-802] inferred FSM for state register 'state_reg' in module 'kexp'
INFO: [Synth 8-5544] ROM "rk2" won't be mapped to Block RAM because address size (3) smaller than threshold (5)
INFO: [Synth 8-5544] ROM "shift_reg" won't be mapped to Block RAM because address size (3) smaller than threshold (5)
INFO: [Synth 8-5544] ROM "rk_vld2" won't be mapped to Block RAM because address size (4) smaller than threshold (5)
INFO: [Synth 8-5544] ROM "RCON" won't be mapped to Block RAM because address size (4) smaller than threshold (5)
INFO: [Synth 8-5544] ROM "dec" won't be mapped to Block RAM because address size (4) smaller than threshold (5)
INFO: [Synth 8-5544] ROM "next_trigger" won't be mapped to Block RAM because address size (4) smaller than threshold (5)
INFO: [Synth 8-5544] ROM "next_state0" won't be mapped to Block RAM because address size (1) smaller than threshold (5)
INFO: [Synth 8-5544] ROM "next_state1" won't be mapped to Block RAM because address size (1) smaller than threshold (5)
INFO: [Synth 8-5544] ROM "next_state1" won't be mapped to Block RAM because address size (1) smaller than threshold (5)
INFO: [Synth 8-5544] ROM "next_state1" won't be mapped to Block RAM because address size (1) smaller than threshold (5)
INFO: [Synth 8-5544] ROM "next_state1" won't be mapped to Block RAM because address size (1) smaller than threshold (5)
INFO: [Synth 8-5544] ROM "next_state1" won't be mapped to Block RAM because address size (1) smaller than threshold (5)
INFO: [Synth 8-5544] ROM "next_state1" won't be mapped to Block RAM because address size (1) smaller than threshold (5)
INFO: [Synth 8-5544] ROM "next_state1" won't be mapped to Block RAM because address size (1) smaller than threshold (5)
INFO: [Synth 8-5544] ROM "next_state1" won't be mapped to Block RAM because address size (1) smaller than threshold (5)
INFO: [Synth 8-5544] ROM "next_state1" won't be mapped to Block RAM because address size (1) smaller than threshold (5)
INFO: [Synth 8-5544] ROM "next_state1" won't be mapped to Block RAM because address size (1) smaller than threshold (5)
INFO: [Synth 8-5544] ROM "next_state1" won't be mapped to Block RAM because address size (1) smaller than threshold (5)
INFO: [Synth 8-5544] ROM "next_state2" won't be mapped to Block RAM because address size (1) smaller than threshold (5)
INFO: [Synth 8-5544] ROM "next_state2" won't be mapped to Block RAM because address size (3) smaller than threshold (5)
INFO: [Synth 8-5544] ROM "next_state2" won't be mapped to Block RAM because address size (1) smaller than threshold (5)
INFO: [Synth 8-5544] ROM "next_state2" won't be mapped to Block RAM because address size (3) smaller than threshold (5)
INFO: [Synth 8-5544] ROM "next_state2" won't be mapped to Block RAM because address size (1) smaller than threshold (5)
INFO: [Synth 8-5544] ROM "next_state2" won't be mapped to Block RAM because address size (3) smaller than threshold (5)
INFO: [Synth 8-5544] ROM "next_state2" won't be mapped to Block RAM because address size (1) smaller than threshold (5)
INFO: [Synth 8-5544] ROM "next_state2" won't be mapped to Block RAM because address size (3) smaller than threshold (5)
INFO: [Synth 8-5544] ROM "next_state2" won't be mapped to Block RAM because address size (1) smaller than threshold (5)
INFO: [Synth 8-5544] ROM "next_state2" won't be mapped to Block RAM because address size (3) smaller than threshold (5)
INFO: [Synth 8-5544] ROM "next_state2" won't be mapped to Block RAM because address size (1) smaller than threshold (5)
INFO: [Synth 8-5544] ROM "next_state2" won't be mapped to Block RAM because address size (3) smaller than threshold (5)
INFO: [Synth 8-5544] ROM "next_state2" won't be mapped to Block RAM because address size (1) smaller than threshold (5)
INFO: [Synth 8-5544] ROM "next_state2" won't be mapped to Block RAM because address size (3) smaller than threshold (5)
INFO: [Synth 8-5544] ROM "next_state2" won't be mapped to Block RAM because address size (1) smaller than threshold (5)
INFO: [Synth 8-5544] ROM "next_state2" won't be mapped to Block RAM because address size (3) smaller than threshold (5)
INFO: [Synth 8-5544] ROM "next_state2" won't be mapped to Block RAM because address size (1) smaller than threshold (5)
INFO: [Synth 8-5544] ROM "next_state2" won't be mapped to Block RAM because address size (3) smaller than threshold (5)
INFO: [Synth 8-802] inferred FSM for state register 'state_reg' in module 'aes'
INFO: [Synth 8-5546] ROM "din_rdy" won't be mapped to RAM because it is too sparse
INFO: [Synth 8-5546] ROM "dout_vld" won't be mapped to RAM because it is too sparse
INFO: [Synth 8-5544] ROM "next_state0" won't be mapped to Block RAM because address size (1) smaller than threshold (5)
INFO: [Synth 8-5544] ROM "next_state0" won't be mapped to Block RAM because address size (1) smaller than threshold (5)
INFO: [Synth 8-5544] ROM "next_state0" won't be mapped to Block RAM because address size (4) smaller than threshold (5)
INFO: [Synth 8-5544] ROM "next_state0" won't be mapped to Block RAM because address size (2) smaller than threshold (5)
INFO: [Synth 8-5544] ROM "next_state0" won't be mapped to Block RAM because address size (4) smaller than threshold (5)
INFO: [Synth 8-5544] ROM "next_state0" won't be mapped to Block RAM because address size (4) smaller than threshold (5)
INFO: [Synth 8-5544] ROM "next_state0" won't be mapped to Block RAM because address size (4) smaller than threshold (5)
INFO: [Synth 8-5544] ROM "next_state0" won't be mapped to Block RAM because address size (1) smaller than threshold (5)
INFO: [Synth 8-5544] ROM "next_state0" won't be mapped to Block RAM because address size (1) smaller than threshold (5)
INFO: [Synth 8-5544] ROM "next_state1" won't be mapped to Block RAM because address size (1) smaller than threshold (5)
INFO: [Synth 8-5544] ROM "next_state1" won't be mapped to Block RAM because address size (4) smaller than threshold (5)
INFO: [Synth 8-5544] ROM "next_state2" won't be mapped to Block RAM because address size (4) smaller than threshold (5)
INFO: [Synth 8-5544] ROM "key" won't be mapped to Block RAM because address size (2) smaller than threshold (5)
---------------------------------------------------------------------------------------------------
                   State |                     New Encoding |                Previous Encoding 
---------------------------------------------------------------------------------------------------
                    IDLE |                     000000000001 |                             0000
                     RK0 |                     000000000010 |                             0001
                     RK1 |                     000000001000 |                             0010
                     RK2 |                     000000010000 |                             0011
                     RK3 |                     000000100000 |                             0100
                     RK4 |                     000001000000 |                             0101
                     RK5 |                     000010000000 |                             0110
                     RK6 |                     000100000000 |                             0111
                     RK7 |                     001000000000 |                             1000
                     RK8 |                     010000000000 |                             1001
                     RK9 |                     100000000000 |                             1010
                    DONE |                     000000000100 |                             1011
---------------------------------------------------------------------------------------------------
INFO: [Synth 8-3354] encoded FSM with state register 'state_reg' using encoding 'one-hot' in module 'kexp'
---------------------------------------------------------------------------------------------------
                   State |                     New Encoding |                Previous Encoding 
---------------------------------------------------------------------------------------------------
                    IDLE |                00000000000000001 |                            00000
                  DIN_LD |                00000000000000100 |                            00001
           AddRoundKey_0 |                00000000000001000 |                            00010
                SubBytes |                00000000000100000 |                            00011
               ShiftRows |                00000000001000000 |                            00100
              MixColumns |                00000000010000000 |                            00101
             AddRoundKey |                00000000100000000 |                            01001
           InvMixColumns |                00000010000000000 |                            01000
         InvShiftRows_10 |                00000100000000000 |                            01100
          InvSubBytes_10 |                01000000000000000 |                            01101
             InvShiftRow |                00000000000010000 |                            00110
             InvSubBytes |                00000001000000000 |                            00111
             SubBytes_10 |                00001000000000000 |                            01010
            ShiftRows_10 |                00010000000000000 |                            01011
          AddRoundKey_10 |                00100000000000000 |                            01110
                    Done |                10000000000000000 |                            01111
                  Revoke |                00000000000000010 |                            10000
---------------------------------------------------------------------------------------------------
INFO: [Synth 8-3354] encoded FSM with state register 'state_reg' using encoding 'one-hot' in module 'aes'
---------------------------------------------------------------------------------
Finished RTL Optimization Phase 2 : Time (s): cpu = 00:00:10 ; elapsed = 00:00:28 . Memory (MB): peak = 737.379 ; gain = 474.832
---------------------------------------------------------------------------------

Report RTL Partitions: 
+-+--------------+------------+----------+
| |RTL Partition |Replication |Instances |
+-+--------------+------------+----------+
+-+--------------+------------+----------+
---------------------------------------------------------------------------------
Start RTL Component Statistics 
---------------------------------------------------------------------------------
Detailed RTL Component Info : 
+---Adders : 
	   2 Input      4 Bit       Adders := 2     
	   2 Input      3 Bit       Adders := 1     
	   2 Input      2 Bit       Adders := 2     
+---XORs : 
	   2 Input    128 Bit         XORs := 1     
	   3 Input     32 Bit         XORs := 1     
	   2 Input     32 Bit         XORs := 6     
	   2 Input      8 Bit         XORs := 64    
	   4 Input      8 Bit         XORs := 8     
	   3 Input      8 Bit         XORs := 12    
+---Registers : 
	              128 Bit    Registers := 5     
	               32 Bit    Registers := 5     
	                4 Bit    Registers := 4     
	                3 Bit    Registers := 1     
	                2 Bit    Registers := 4     
	                1 Bit    Registers := 12    
+---Muxes : 
	   2 Input    128 Bit        Muxes := 29    
	  22 Input    128 Bit        Muxes := 1     
	  16 Input    128 Bit        Muxes := 1     
	   3 Input    128 Bit        Muxes := 2     
	   5 Input     32 Bit        Muxes := 2     
	  12 Input     32 Bit        Muxes := 1     
	   2 Input     32 Bit        Muxes := 6     
	   4 Input     32 Bit        Muxes := 4     
	  35 Input     17 Bit        Muxes := 1     
	  62 Input     12 Bit        Muxes := 1     
	   2 Input      8 Bit        Muxes := 56    
	  12 Input      4 Bit        Muxes := 1     
	   2 Input      4 Bit        Muxes := 2     
	   2 Input      3 Bit        Muxes := 2     
	   2 Input      2 Bit        Muxes := 1     
	   2 Input      1 Bit        Muxes := 31    
---------------------------------------------------------------------------------
Finished RTL Component Statistics 
---------------------------------------------------------------------------------
---------------------------------------------------------------------------------
Start RTL Hierarchical Component Statistics 
---------------------------------------------------------------------------------
Hierarchical RTL Component report 
Module kexp 
Detailed RTL Component Info : 
+---Adders : 
	   2 Input      3 Bit       Adders := 1     
+---XORs : 
	   3 Input     32 Bit         XORs := 1     
	   2 Input     32 Bit         XORs := 6     
+---Registers : 
	              128 Bit    Registers := 2     
	               32 Bit    Registers := 2     
	                3 Bit    Registers := 1     
	                1 Bit    Registers := 4     
+---Muxes : 
	   2 Input    128 Bit        Muxes := 4     
	   5 Input     32 Bit        Muxes := 2     
	  12 Input     32 Bit        Muxes := 1     
	   2 Input     32 Bit        Muxes := 1     
	  62 Input     12 Bit        Muxes := 1     
	  12 Input      4 Bit        Muxes := 1     
	   2 Input      3 Bit        Muxes := 2     
	   2 Input      1 Bit        Muxes := 21    
Module xTimes2 
Detailed RTL Component Info : 
+---XORs : 
	   2 Input      8 Bit         XORs := 1     
+---Muxes : 
	   2 Input      8 Bit        Muxes := 1     
Module xTimes3 
Detailed RTL Component Info : 
+---XORs : 
	   2 Input      8 Bit         XORs := 1     
Module MixColumns 
Detailed RTL Component Info : 
+---XORs : 
	   4 Input      8 Bit         XORs := 4     
Module xTimes0e 
Detailed RTL Component Info : 
+---XORs : 
	   3 Input      8 Bit         XORs := 1     
Module xTimes0b 
Detailed RTL Component Info : 
+---XORs : 
	   3 Input      8 Bit         XORs := 1     
Module xTimes0d 
Detailed RTL Component Info : 
+---XORs : 
	   3 Input      8 Bit         XORs := 1     
Module xTimes09 
Detailed RTL Component Info : 
+---XORs : 
	   2 Input      8 Bit         XORs := 1     
Module InvMixColumns 
Detailed RTL Component Info : 
+---XORs : 
	   4 Input      8 Bit         XORs := 4     
Module aes 
Detailed RTL Component Info : 
+---Adders : 
	   2 Input      4 Bit       Adders := 2     
	   2 Input      2 Bit       Adders := 1     
+---XORs : 
	   2 Input    128 Bit         XORs := 1     
+---Registers : 
	              128 Bit    Registers := 1     
	                4 Bit    Registers := 2     
	                2 Bit    Registers := 1     
+---Muxes : 
	  22 Input    128 Bit        Muxes := 1     
	   2 Input    128 Bit        Muxes := 25    
	  16 Input    128 Bit        Muxes := 1     
	   3 Input    128 Bit        Muxes := 2     
	   4 Input     32 Bit        Muxes := 1     
	  35 Input     17 Bit        Muxes := 1     
	   2 Input      4 Bit        Muxes := 2     
	   2 Input      2 Bit        Muxes := 1     
	   2 Input      1 Bit        Muxes := 3     
Module aes_v1_0_S00_AXI 
Detailed RTL Component Info : 
+---Adders : 
	   2 Input      2 Bit       Adders := 1     
+---Registers : 
	              128 Bit    Registers := 2     
	               32 Bit    Registers := 3     
	                4 Bit    Registers := 2     
	                2 Bit    Registers := 3     
	                1 Bit    Registers := 8     
+---Muxes : 
	   4 Input     32 Bit        Muxes := 3     
	   2 Input     32 Bit        Muxes := 5     
	   2 Input      1 Bit        Muxes := 7     
---------------------------------------------------------------------------------
Finished RTL Hierarchical Component Statistics
---------------------------------------------------------------------------------
---------------------------------------------------------------------------------
Start Part Resource Summary
---------------------------------------------------------------------------------
Part Resources:
DSPs: 120 (col length:60)
BRAMs: 150 (col length: RAMB18 60 RAMB36 30)
---------------------------------------------------------------------------------
Finished Part Resource Summary
---------------------------------------------------------------------------------
---------------------------------------------------------------------------------
Start Cross Boundary and Area Optimization
---------------------------------------------------------------------------------
INFO: [Synth 8-5544] ROM "inst/aes_v1_0_S00_AXI_inst/key" won't be mapped to Block RAM because address size (2) smaller than threshold (5)
WARNING: [Synth 8-3331] design urbana_aes_0_2 has unconnected port s00_axi_awprot[2]
WARNING: [Synth 8-3331] design urbana_aes_0_2 has unconnected port s00_axi_awprot[1]
WARNING: [Synth 8-3331] design urbana_aes_0_2 has unconnected port s00_axi_awprot[0]
WARNING: [Synth 8-3331] design urbana_aes_0_2 has unconnected port s00_axi_arprot[2]
WARNING: [Synth 8-3331] design urbana_aes_0_2 has unconnected port s00_axi_arprot[1]
WARNING: [Synth 8-3331] design urbana_aes_0_2 has unconnected port s00_axi_arprot[0]
INFO: [Synth 8-3333] propagating constant 0 across sequential element (\inst/aes_v1_0_S00_AXI_inst/key_reg[32] )
INFO: [Synth 8-3886] merging instance 'inst/aes_v1_0_S00_AXI_inst/aes0/U0/key_ld_reg[32]' (FDCE) to 'inst/aes_v1_0_S00_AXI_inst/aes0/U0/flag_reg'
INFO: [Synth 8-3333] propagating constant 0 across sequential element (\inst/aes_v1_0_S00_AXI_inst/key_reg[64] )
INFO: [Synth 8-3886] merging instance 'inst/aes_v1_0_S00_AXI_inst/aes0/U0/key_ld_reg[64]' (FDCE) to 'inst/aes_v1_0_S00_AXI_inst/aes0/U0/flag_reg'
INFO: [Synth 8-3333] propagating constant 0 across sequential element (\inst/aes_v1_0_S00_AXI_inst/key_reg[96] )
INFO: [Synth 8-3886] merging instance 'inst/aes_v1_0_S00_AXI_inst/aes0/U0/key_ld_reg[96]' (FDCE) to 'inst/aes_v1_0_S00_AXI_inst/aes0/U0/flag_reg'
INFO: [Synth 8-3333] propagating constant 0 across sequential element (\inst/aes_v1_0_S00_AXI_inst/key_reg[33] )
INFO: [Synth 8-3886] merging instance 'inst/aes_v1_0_S00_AXI_inst/aes0/U0/key_ld_reg[33]' (FDCE) to 'inst/aes_v1_0_S00_AXI_inst/aes0/U0/flag_reg'
INFO: [Synth 8-3333] propagating constant 0 across sequential element (\inst/aes_v1_0_S00_AXI_inst/key_reg[65] )
INFO: [Synth 8-3886] merging instance 'inst/aes_v1_0_S00_AXI_inst/aes0/U0/key_ld_reg[65]' (FDCE) to 'inst/aes_v1_0_S00_AXI_inst/aes0/U0/flag_reg'
INFO: [Synth 8-3333] propagating constant 0 across sequential element (\inst/aes_v1_0_S00_AXI_inst/key_reg[97] )
INFO: [Synth 8-3886] merging instance 'inst/aes_v1_0_S00_AXI_inst/aes0/U0/key_ld_reg[97]' (FDCE) to 'inst/aes_v1_0_S00_AXI_inst/aes0/U0/flag_reg'
INFO: [Synth 8-3333] propagating constant 0 across sequential element (\inst/aes_v1_0_S00_AXI_inst/key_reg[34] )
INFO: [Synth 8-3886] merging instance 'inst/aes_v1_0_S00_AXI_inst/aes0/U0/key_ld_reg[34]' (FDCE) to 'inst/aes_v1_0_S00_AXI_inst/aes0/U0/flag_reg'
INFO: [Synth 8-3333] propagating constant 0 across sequential element (\inst/aes_v1_0_S00_AXI_inst/key_reg[66] )
INFO: [Synth 8-3886] merging instance 'inst/aes_v1_0_S00_AXI_inst/aes0/U0/key_ld_reg[66]' (FDCE) to 'inst/aes_v1_0_S00_AXI_inst/aes0/U0/flag_reg'
INFO: [Synth 8-3333] propagating constant 0 across sequential element (\inst/aes_v1_0_S00_AXI_inst/key_reg[98] )
INFO: [Synth 8-3886] merging instance 'inst/aes_v1_0_S00_AXI_inst/aes0/U0/key_ld_reg[98]' (FDCE) to 'inst/aes_v1_0_S00_AXI_inst/aes0/U0/flag_reg'
INFO: [Synth 8-3333] propagating constant 0 across sequential element (\inst/aes_v1_0_S00_AXI_inst/key_reg[35] )
INFO: [Synth 8-3886] merging instance 'inst/aes_v1_0_S00_AXI_inst/aes0/U0/key_ld_reg[35]' (FDCE) to 'inst/aes_v1_0_S00_AXI_inst/aes0/U0/flag_reg'
INFO: [Synth 8-3333] propagating constant 0 across sequential element (\inst/aes_v1_0_S00_AXI_inst/key_reg[67] )
INFO: [Synth 8-3886] merging instance 'inst/aes_v1_0_S00_AXI_inst/aes0/U0/key_ld_reg[67]' (FDCE) to 'inst/aes_v1_0_S00_AXI_inst/aes0/U0/flag_reg'
INFO: [Synth 8-3333] propagating constant 0 across sequential element (\inst/aes_v1_0_S00_AXI_inst/key_reg[99] )
INFO: [Synth 8-3886] merging instance 'inst/aes_v1_0_S00_AXI_inst/aes0/U0/key_ld_reg[99]' (FDCE) to 'inst/aes_v1_0_S00_AXI_inst/aes0/U0/flag_reg'
INFO: [Synth 8-3333] propagating constant 0 across sequential element (\inst/aes_v1_0_S00_AXI_inst/key_reg[36] )
INFO: [Synth 8-3886] merging instance 'inst/aes_v1_0_S00_AXI_inst/aes0/U0/key_ld_reg[36]' (FDCE) to 'inst/aes_v1_0_S00_AXI_inst/aes0/U0/flag_reg'
INFO: [Synth 8-3333] propagating constant 0 across sequential element (\inst/aes_v1_0_S00_AXI_inst/key_reg[68] )
INFO: [Synth 8-3886] merging instance 'inst/aes_v1_0_S00_AXI_inst/aes0/U0/key_ld_reg[68]' (FDCE) to 'inst/aes_v1_0_S00_AXI_inst/aes0/U0/flag_reg'
INFO: [Synth 8-3333] propagating constant 0 across sequential element (\inst/aes_v1_0_S00_AXI_inst/key_reg[100] )
INFO: [Synth 8-3886] merging instance 'inst/aes_v1_0_S00_AXI_inst/aes0/U0/key_ld_reg[100]' (FDCE) to 'inst/aes_v1_0_S00_AXI_inst/aes0/U0/flag_reg'
INFO: [Synth 8-3333] propagating constant 0 across sequential element (\inst/aes_v1_0_S00_AXI_inst/key_reg[37] )
INFO: [Synth 8-3886] merging instance 'inst/aes_v1_0_S00_AXI_inst/aes0/U0/key_ld_reg[37]' (FDCE) to 'inst/aes_v1_0_S00_AXI_inst/aes0/U0/flag_reg'
INFO: [Synth 8-3333] propagating constant 0 across sequential element (\inst/aes_v1_0_S00_AXI_inst/key_reg[69] )
INFO: [Synth 8-3886] merging instance 'inst/aes_v1_0_S00_AXI_inst/aes0/U0/key_ld_reg[69]' (FDCE) to 'inst/aes_v1_0_S00_AXI_inst/aes0/U0/flag_reg'
INFO: [Synth 8-3333] propagating constant 0 across sequential element (\inst/aes_v1_0_S00_AXI_inst/key_reg[101] )
INFO: [Synth 8-3886] merging instance 'inst/aes_v1_0_S00_AXI_inst/aes0/U0/key_ld_reg[101]' (FDCE) to 'inst/aes_v1_0_S00_AXI_inst/aes0/U0/flag_reg'
INFO: [Synth 8-3333] propagating constant 0 across sequential element (\inst/aes_v1_0_S00_AXI_inst/key_reg[38] )
INFO: [Synth 8-3886] merging instance 'inst/aes_v1_0_S00_AXI_inst/aes0/U0/key_ld_reg[38]' (FDCE) to 'inst/aes_v1_0_S00_AXI_inst/aes0/U0/flag_reg'
INFO: [Synth 8-3333] propagating constant 0 across sequential element (\inst/aes_v1_0_S00_AXI_inst/key_reg[70] )
INFO: [Synth 8-3886] merging instance 'inst/aes_v1_0_S00_AXI_inst/aes0/U0/key_ld_reg[70]' (FDCE) to 'inst/aes_v1_0_S00_AXI_inst/aes0/U0/flag_reg'
INFO: [Synth 8-3333] propagating constant 0 across sequential element (\inst/aes_v1_0_S00_AXI_inst/key_reg[102] )
INFO: [Synth 8-3886] merging instance 'inst/aes_v1_0_S00_AXI_inst/aes0/U0/key_ld_reg[102]' (FDCE) to 'inst/aes_v1_0_S00_AXI_inst/aes0/U0/flag_reg'
INFO: [Synth 8-3333] propagating constant 0 across sequential element (\inst/aes_v1_0_S00_AXI_inst/key_reg[39] )
INFO: [Synth 8-3886] merging instance 'inst/aes_v1_0_S00_AXI_inst/aes0/U0/key_ld_reg[39]' (FDCE) to 'inst/aes_v1_0_S00_AXI_inst/aes0/U0/flag_reg'
INFO: [Synth 8-3333] propagating constant 0 across sequential element (\inst/aes_v1_0_S00_AXI_inst/key_reg[71] )
INFO: [Synth 8-3886] merging instance 'inst/aes_v1_0_S00_AXI_inst/aes0/U0/key_ld_reg[71]' (FDCE) to 'inst/aes_v1_0_S00_AXI_inst/aes0/U0/flag_reg'
INFO: [Synth 8-3333] propagating constant 0 across sequential element (\inst/aes_v1_0_S00_AXI_inst/key_reg[103] )
INFO: [Synth 8-3886] merging instance 'inst/aes_v1_0_S00_AXI_inst/aes0/U0/key_ld_reg[103]' (FDCE) to 'inst/aes_v1_0_S00_AXI_inst/aes0/U0/flag_reg'
INFO: [Synth 8-3333] propagating constant 0 across sequential element (\inst/aes_v1_0_S00_AXI_inst/key_reg[40] )
INFO: [Synth 8-3886] merging instance 'inst/aes_v1_0_S00_AXI_inst/aes0/U0/key_ld_reg[40]' (FDCE) to 'inst/aes_v1_0_S00_AXI_inst/aes0/U0/flag_reg'
INFO: [Synth 8-3333] propagating constant 0 across sequential element (\inst/aes_v1_0_S00_AXI_inst/key_reg[72] )
INFO: [Synth 8-3886] merging instance 'inst/aes_v1_0_S00_AXI_inst/aes0/U0/key_ld_reg[72]' (FDCE) to 'inst/aes_v1_0_S00_AXI_inst/aes0/U0/flag_reg'
INFO: [Synth 8-3333] propagating constant 0 across sequential element (\inst/aes_v1_0_S00_AXI_inst/key_reg[104] )
INFO: [Synth 8-3886] merging instance 'inst/aes_v1_0_S00_AXI_inst/aes0/U0/key_ld_reg[104]' (FDCE) to 'inst/aes_v1_0_S00_AXI_inst/aes0/U0/flag_reg'
INFO: [Synth 8-3333] propagating constant 0 across sequential element (\inst/aes_v1_0_S00_AXI_inst/key_reg[41] )
INFO: [Synth 8-3886] merging instance 'inst/aes_v1_0_S00_AXI_inst/aes0/U0/key_ld_reg[41]' (FDCE) to 'inst/aes_v1_0_S00_AXI_inst/aes0/U0/flag_reg'
INFO: [Synth 8-3333] propagating constant 0 across sequential element (\inst/aes_v1_0_S00_AXI_inst/key_reg[73] )
INFO: [Synth 8-3886] merging instance 'inst/aes_v1_0_S00_AXI_inst/aes0/U0/key_ld_reg[73]' (FDCE) to 'inst/aes_v1_0_S00_AXI_inst/aes0/U0/flag_reg'
INFO: [Synth 8-3333] propagating constant 0 across sequential element (\inst/aes_v1_0_S00_AXI_inst/key_reg[105] )
INFO: [Synth 8-3886] merging instance 'inst/aes_v1_0_S00_AXI_inst/aes0/U0/key_ld_reg[105]' (FDCE) to 'inst/aes_v1_0_S00_AXI_inst/aes0/U0/flag_reg'
INFO: [Synth 8-3333] propagating constant 0 across sequential element (\inst/aes_v1_0_S00_AXI_inst/key_reg[42] )
INFO: [Synth 8-3886] merging instance 'inst/aes_v1_0_S00_AXI_inst/aes0/U0/key_ld_reg[42]' (FDCE) to 'inst/aes_v1_0_S00_AXI_inst/aes0/U0/flag_reg'
INFO: [Synth 8-3333] propagating constant 0 across sequential element (\inst/aes_v1_0_S00_AXI_inst/key_reg[74] )
INFO: [Synth 8-3886] merging instance 'inst/aes_v1_0_S00_AXI_inst/aes0/U0/key_ld_reg[74]' (FDCE) to 'inst/aes_v1_0_S00_AXI_inst/aes0/U0/flag_reg'
INFO: [Synth 8-3333] propagating constant 0 across sequential element (\inst/aes_v1_0_S00_AXI_inst/key_reg[106] )
INFO: [Synth 8-3886] merging instance 'inst/aes_v1_0_S00_AXI_inst/aes0/U0/key_ld_reg[106]' (FDCE) to 'inst/aes_v1_0_S00_AXI_inst/aes0/U0/flag_reg'
INFO: [Synth 8-3333] propagating constant 0 across sequential element (\inst/aes_v1_0_S00_AXI_inst/key_reg[43] )
INFO: [Synth 8-3886] merging instance 'inst/aes_v1_0_S00_AXI_inst/aes0/U0/key_ld_reg[43]' (FDCE) to 'inst/aes_v1_0_S00_AXI_inst/aes0/U0/flag_reg'
INFO: [Synth 8-3333] propagating constant 0 across sequential element (\inst/aes_v1_0_S00_AXI_inst/key_reg[75] )
INFO: [Synth 8-3886] merging instance 'inst/aes_v1_0_S00_AXI_inst/aes0/U0/key_ld_reg[75]' (FDCE) to 'inst/aes_v1_0_S00_AXI_inst/aes0/U0/flag_reg'
INFO: [Synth 8-3333] propagating constant 0 across sequential element (\inst/aes_v1_0_S00_AXI_inst/key_reg[107] )
INFO: [Synth 8-3886] merging instance 'inst/aes_v1_0_S00_AXI_inst/aes0/U0/key_ld_reg[107]' (FDCE) to 'inst/aes_v1_0_S00_AXI_inst/aes0/U0/flag_reg'
INFO: [Synth 8-3333] propagating constant 0 across sequential element (\inst/aes_v1_0_S00_AXI_inst/key_reg[44] )
INFO: [Synth 8-3886] merging instance 'inst/aes_v1_0_S00_AXI_inst/aes0/U0/key_ld_reg[44]' (FDCE) to 'inst/aes_v1_0_S00_AXI_inst/aes0/U0/flag_reg'
INFO: [Synth 8-3333] propagating constant 0 across sequential element (\inst/aes_v1_0_S00_AXI_inst/key_reg[76] )
INFO: [Synth 8-3886] merging instance 'inst/aes_v1_0_S00_AXI_inst/aes0/U0/key_ld_reg[76]' (FDCE) to 'inst/aes_v1_0_S00_AXI_inst/aes0/U0/flag_reg'
INFO: [Synth 8-3333] propagating constant 0 across sequential element (\inst/aes_v1_0_S00_AXI_inst/key_reg[108] )
INFO: [Synth 8-3886] merging instance 'inst/aes_v1_0_S00_AXI_inst/aes0/U0/key_ld_reg[108]' (FDCE) to 'inst/aes_v1_0_S00_AXI_inst/aes0/U0/flag_reg'
INFO: [Synth 8-3333] propagating constant 0 across sequential element (\inst/aes_v1_0_S00_AXI_inst/key_reg[45] )
INFO: [Synth 8-3886] merging instance 'inst/aes_v1_0_S00_AXI_inst/aes0/U0/key_ld_reg[45]' (FDCE) to 'inst/aes_v1_0_S00_AXI_inst/aes0/U0/flag_reg'
INFO: [Synth 8-3333] propagating constant 0 across sequential element (\inst/aes_v1_0_S00_AXI_inst/key_reg[77] )
INFO: [Synth 8-3886] merging instance 'inst/aes_v1_0_S00_AXI_inst/aes0/U0/key_ld_reg[77]' (FDCE) to 'inst/aes_v1_0_S00_AXI_inst/aes0/U0/flag_reg'
INFO: [Synth 8-3333] propagating constant 0 across sequential element (\inst/aes_v1_0_S00_AXI_inst/key_reg[109] )
INFO: [Synth 8-3886] merging instance 'inst/aes_v1_0_S00_AXI_inst/aes0/U0/key_ld_reg[109]' (FDCE) to 'inst/aes_v1_0_S00_AXI_inst/aes0/U0/flag_reg'
INFO: [Synth 8-3333] propagating constant 0 across sequential element (\inst/aes_v1_0_S00_AXI_inst/key_reg[46] )
INFO: [Synth 8-3886] merging instance 'inst/aes_v1_0_S00_AXI_inst/aes0/U0/key_ld_reg[46]' (FDCE) to 'inst/aes_v1_0_S00_AXI_inst/aes0/U0/flag_reg'
INFO: [Synth 8-3333] propagating constant 0 across sequential element (\inst/aes_v1_0_S00_AXI_inst/key_reg[78] )
INFO: [Synth 8-3886] merging instance 'inst/aes_v1_0_S00_AXI_inst/aes0/U0/key_ld_reg[78]' (FDCE) to 'inst/aes_v1_0_S00_AXI_inst/aes0/U0/flag_reg'
INFO: [Synth 8-3333] propagating constant 0 across sequential element (\inst/aes_v1_0_S00_AXI_inst/key_reg[110] )
INFO: [Synth 8-3886] merging instance 'inst/aes_v1_0_S00_AXI_inst/aes0/U0/key_ld_reg[110]' (FDCE) to 'inst/aes_v1_0_S00_AXI_inst/aes0/U0/flag_reg'
INFO: [Synth 8-3333] propagating constant 0 across sequential element (\inst/aes_v1_0_S00_AXI_inst/key_reg[47] )
INFO: [Synth 8-3886] merging instance 'inst/aes_v1_0_S00_AXI_inst/aes0/U0/key_ld_reg[47]' (FDCE) to 'inst/aes_v1_0_S00_AXI_inst/aes0/U0/flag_reg'
INFO: [Synth 8-3333] propagating constant 0 across sequential element (\inst/aes_v1_0_S00_AXI_inst/key_reg[79] )
INFO: [Synth 8-3886] merging instance 'inst/aes_v1_0_S00_AXI_inst/aes0/U0/key_ld_reg[79]' (FDCE) to 'inst/aes_v1_0_S00_AXI_inst/aes0/U0/flag_reg'
INFO: [Synth 8-3333] propagating constant 0 across sequential element (\inst/aes_v1_0_S00_AXI_inst/key_reg[111] )
INFO: [Synth 8-3886] merging instance 'inst/aes_v1_0_S00_AXI_inst/aes0/U0/key_ld_reg[111]' (FDCE) to 'inst/aes_v1_0_S00_AXI_inst/aes0/U0/flag_reg'
INFO: [Synth 8-3333] propagating constant 0 across sequential element (\inst/aes_v1_0_S00_AXI_inst/key_reg[48] )
INFO: [Synth 8-3886] merging instance 'inst/aes_v1_0_S00_AXI_inst/aes0/U0/key_ld_reg[48]' (FDCE) to 'inst/aes_v1_0_S00_AXI_inst/aes0/U0/flag_reg'
INFO: [Synth 8-3333] propagating constant 0 across sequential element (\inst/aes_v1_0_S00_AXI_inst/key_reg[80] )
INFO: [Synth 8-3886] merging instance 'inst/aes_v1_0_S00_AXI_inst/aes0/U0/key_ld_reg[80]' (FDCE) to 'inst/aes_v1_0_S00_AXI_inst/aes0/U0/flag_reg'
INFO: [Synth 8-3333] propagating constant 0 across sequential element (\inst/aes_v1_0_S00_AXI_inst/key_reg[112] )
INFO: [Synth 8-3886] merging instance 'inst/aes_v1_0_S00_AXI_inst/aes0/U0/key_ld_reg[112]' (FDCE) to 'inst/aes_v1_0_S00_AXI_inst/aes0/U0/flag_reg'
INFO: [Synth 8-3333] propagating constant 0 across sequential element (\inst/aes_v1_0_S00_AXI_inst/key_reg[49] )
INFO: [Synth 8-3886] merging instance 'inst/aes_v1_0_S00_AXI_inst/aes0/U0/key_ld_reg[49]' (FDCE) to 'inst/aes_v1_0_S00_AXI_inst/aes0/U0/flag_reg'
INFO: [Synth 8-3333] propagating constant 0 across sequential element (\inst/aes_v1_0_S00_AXI_inst/key_reg[81] )
INFO: [Synth 8-3886] merging instance 'inst/aes_v1_0_S00_AXI_inst/aes0/U0/key_ld_reg[81]' (FDCE) to 'inst/aes_v1_0_S00_AXI_inst/aes0/U0/flag_reg'
INFO: [Synth 8-3333] propagating constant 0 across sequential element (\inst/aes_v1_0_S00_AXI_inst/key_reg[113] )
INFO: [Synth 8-3886] merging instance 'inst/aes_v1_0_S00_AXI_inst/aes0/U0/key_ld_reg[113]' (FDCE) to 'inst/aes_v1_0_S00_AXI_inst/aes0/U0/flag_reg'
INFO: [Synth 8-3333] propagating constant 0 across sequential element (\inst/aes_v1_0_S00_AXI_inst/key_reg[50] )
INFO: [Synth 8-3886] merging instance 'inst/aes_v1_0_S00_AXI_inst/aes0/U0/key_ld_reg[50]' (FDCE) to 'inst/aes_v1_0_S00_AXI_inst/aes0/U0/flag_reg'
INFO: [Synth 8-3333] propagating constant 0 across sequential element (\inst/aes_v1_0_S00_AXI_inst/key_reg[82] )
INFO: [Synth 8-3886] merging instance 'inst/aes_v1_0_S00_AXI_inst/aes0/U0/key_ld_reg[82]' (FDCE) to 'inst/aes_v1_0_S00_AXI_inst/aes0/U0/flag_reg'
INFO: [Synth 8-3333] propagating constant 0 across sequential element (\inst/aes_v1_0_S00_AXI_inst/key_reg[114] )
INFO: [Synth 8-3886] merging instance 'inst/aes_v1_0_S00_AXI_inst/aes0/U0/key_ld_reg[114]' (FDCE) to 'inst/aes_v1_0_S00_AXI_inst/aes0/U0/flag_reg'
INFO: [Synth 8-3333] propagating constant 0 across sequential element (\inst/aes_v1_0_S00_AXI_inst/key_reg[51] )
INFO: [Synth 8-3886] merging instance 'inst/aes_v1_0_S00_AXI_inst/aes0/U0/key_ld_reg[51]' (FDCE) to 'inst/aes_v1_0_S00_AXI_inst/aes0/U0/flag_reg'
INFO: [Synth 8-3333] propagating constant 0 across sequential element (\inst/aes_v1_0_S00_AXI_inst/key_reg[83] )
INFO: [Synth 8-3886] merging instance 'inst/aes_v1_0_S00_AXI_inst/aes0/U0/key_ld_reg[83]' (FDCE) to 'inst/aes_v1_0_S00_AXI_inst/aes0/U0/flag_reg'
INFO: [Synth 8-3333] propagating constant 0 across sequential element (\inst/aes_v1_0_S00_AXI_inst/key_reg[115] )
INFO: [Synth 8-3886] merging instance 'inst/aes_v1_0_S00_AXI_inst/aes0/U0/key_ld_reg[115]' (FDCE) to 'inst/aes_v1_0_S00_AXI_inst/aes0/U0/flag_reg'
INFO: [Synth 8-3333] propagating constant 0 across sequential element (\inst/aes_v1_0_S00_AXI_inst/key_reg[52] )
INFO: [Synth 8-3886] merging instance 'inst/aes_v1_0_S00_AXI_inst/aes0/U0/key_ld_reg[52]' (FDCE) to 'inst/aes_v1_0_S00_AXI_inst/aes0/U0/flag_reg'
INFO: [Synth 8-3333] propagating constant 0 across sequential element (\inst/aes_v1_0_S00_AXI_inst/key_reg[84] )
INFO: [Synth 8-3886] merging instance 'inst/aes_v1_0_S00_AXI_inst/aes0/U0/key_ld_reg[84]' (FDCE) to 'inst/aes_v1_0_S00_AXI_inst/aes0/U0/flag_reg'
INFO: [Synth 8-3333] propagating constant 0 across sequential element (\inst/aes_v1_0_S00_AXI_inst/key_reg[116] )
INFO: [Synth 8-3886] merging instance 'inst/aes_v1_0_S00_AXI_inst/aes0/U0/key_ld_reg[116]' (FDCE) to 'inst/aes_v1_0_S00_AXI_inst/aes0/U0/flag_reg'
INFO: [Synth 8-3333] propagating constant 0 across sequential element (\inst/aes_v1_0_S00_AXI_inst/key_reg[53] )
INFO: [Synth 8-3886] merging instance 'inst/aes_v1_0_S00_AXI_inst/aes0/U0/key_ld_reg[53]' (FDCE) to 'inst/aes_v1_0_S00_AXI_inst/aes0/U0/flag_reg'
INFO: [Synth 8-3333] propagating constant 0 across sequential element (\inst/aes_v1_0_S00_AXI_inst/key_reg[85] )
INFO: [Synth 8-3886] merging instance 'inst/aes_v1_0_S00_AXI_inst/aes0/U0/key_ld_reg[85]' (FDCE) to 'inst/aes_v1_0_S00_AXI_inst/aes0/U0/flag_reg'
INFO: [Synth 8-3333] propagating constant 0 across sequential element (\inst/aes_v1_0_S00_AXI_inst/key_reg[117] )
INFO: [Synth 8-3886] merging instance 'inst/aes_v1_0_S00_AXI_inst/aes0/U0/key_ld_reg[117]' (FDCE) to 'inst/aes_v1_0_S00_AXI_inst/aes0/U0/flag_reg'
INFO: [Synth 8-3333] propagating constant 0 across sequential element (\inst/aes_v1_0_S00_AXI_inst/key_reg[54] )
INFO: [Synth 8-3886] merging instance 'inst/aes_v1_0_S00_AXI_inst/aes0/U0/key_ld_reg[54]' (FDCE) to 'inst/aes_v1_0_S00_AXI_inst/aes0/U0/flag_reg'
INFO: [Synth 8-3333] propagating constant 0 across sequential element (\inst/aes_v1_0_S00_AXI_inst/key_reg[86] )
INFO: [Synth 8-3886] merging instance 'inst/aes_v1_0_S00_AXI_inst/aes0/U0/key_ld_reg[86]' (FDCE) to 'inst/aes_v1_0_S00_AXI_inst/aes0/U0/flag_reg'
INFO: [Synth 8-3333] propagating constant 0 across sequential element (\inst/aes_v1_0_S00_AXI_inst/key_reg[118] )
INFO: [Synth 8-3886] merging instance 'inst/aes_v1_0_S00_AXI_inst/aes0/U0/key_ld_reg[118]' (FDCE) to 'inst/aes_v1_0_S00_AXI_inst/aes0/U0/flag_reg'
INFO: [Synth 8-3333] propagating constant 0 across sequential element (\inst/aes_v1_0_S00_AXI_inst/key_reg[55] )
INFO: [Synth 8-3886] merging instance 'inst/aes_v1_0_S00_AXI_inst/aes0/U0/key_ld_reg[55]' (FDCE) to 'inst/aes_v1_0_S00_AXI_inst/aes0/U0/flag_reg'
INFO: [Synth 8-3333] propagating constant 0 across sequential element (\inst/aes_v1_0_S00_AXI_inst/key_reg[87] )
INFO: [Synth 8-3886] merging instance 'inst/aes_v1_0_S00_AXI_inst/aes0/U0/key_ld_reg[87]' (FDCE) to 'inst/aes_v1_0_S00_AXI_inst/aes0/U0/flag_reg'
INFO: [Synth 8-3333] propagating constant 0 across sequential element (\inst/aes_v1_0_S00_AXI_inst/key_reg[119] )
INFO: [Synth 8-3886] merging instance 'inst/aes_v1_0_S00_AXI_inst/aes0/U0/key_ld_reg[119]' (FDCE) to 'inst/aes_v1_0_S00_AXI_inst/aes0/U0/flag_reg'
INFO: [Synth 8-3333] propagating constant 0 across sequential element (\inst/aes_v1_0_S00_AXI_inst/key_reg[56] )
INFO: [Synth 8-3886] merging instance 'inst/aes_v1_0_S00_AXI_inst/aes0/U0/key_ld_reg[56]' (FDCE) to 'inst/aes_v1_0_S00_AXI_inst/aes0/U0/flag_reg'
INFO: [Synth 8-3333] propagating constant 0 across sequential element (\inst/aes_v1_0_S00_AXI_inst/key_reg[88] )
INFO: [Synth 8-3886] merging instance 'inst/aes_v1_0_S00_AXI_inst/aes0/U0/key_ld_reg[88]' (FDCE) to 'inst/aes_v1_0_S00_AXI_inst/aes0/U0/flag_reg'
INFO: [Synth 8-3333] propagating constant 0 across sequential element (\inst/aes_v1_0_S00_AXI_inst/key_reg[120] )
INFO: [Synth 8-3886] merging instance 'inst/aes_v1_0_S00_AXI_inst/aes0/U0/key_ld_reg[120]' (FDCE) to 'inst/aes_v1_0_S00_AXI_inst/aes0/U0/flag_reg'
INFO: [Synth 8-3333] propagating constant 0 across sequential element (\inst/aes_v1_0_S00_AXI_inst/key_reg[57] )
INFO: [Synth 8-3886] merging instance 'inst/aes_v1_0_S00_AXI_inst/aes0/U0/key_ld_reg[57]' (FDCE) to 'inst/aes_v1_0_S00_AXI_inst/aes0/U0/flag_reg'
INFO: [Synth 8-3333] propagating constant 0 across sequential element (\inst/aes_v1_0_S00_AXI_inst/key_reg[89] )
INFO: [Synth 8-3886] merging instance 'inst/aes_v1_0_S00_AXI_inst/aes0/U0/key_ld_reg[89]' (FDCE) to 'inst/aes_v1_0_S00_AXI_inst/aes0/U0/flag_reg'
INFO: [Synth 8-3333] propagating constant 0 across sequential element (\inst/aes_v1_0_S00_AXI_inst/key_reg[121] )
INFO: [Synth 8-3886] merging instance 'inst/aes_v1_0_S00_AXI_inst/aes0/U0/key_ld_reg[121]' (FDCE) to 'inst/aes_v1_0_S00_AXI_inst/aes0/U0/flag_reg'
INFO: [Synth 8-3333] propagating constant 0 across sequential element (\inst/aes_v1_0_S00_AXI_inst/key_reg[58] )
INFO: [Synth 8-3886] merging instance 'inst/aes_v1_0_S00_AXI_inst/aes0/U0/key_ld_reg[58]' (FDCE) to 'inst/aes_v1_0_S00_AXI_inst/aes0/U0/flag_reg'
INFO: [Synth 8-3333] propagating constant 0 across sequential element (\inst/aes_v1_0_S00_AXI_inst/key_reg[90] )
INFO: [Synth 8-3886] merging instance 'inst/aes_v1_0_S00_AXI_inst/aes0/U0/key_ld_reg[90]' (FDCE) to 'inst/aes_v1_0_S00_AXI_inst/aes0/U0/flag_reg'
INFO: [Synth 8-3333] propagating constant 0 across sequential element (\inst/aes_v1_0_S00_AXI_inst/key_reg[122] )
INFO: [Synth 8-3886] merging instance 'inst/aes_v1_0_S00_AXI_inst/aes0/U0/key_ld_reg[122]' (FDCE) to 'inst/aes_v1_0_S00_AXI_inst/aes0/U0/flag_reg'
INFO: [Synth 8-3333] propagating constant 0 across sequential element (\inst/aes_v1_0_S00_AXI_inst/key_reg[59] )
INFO: [Synth 8-3886] merging instance 'inst/aes_v1_0_S00_AXI_inst/aes0/U0/key_ld_reg[59]' (FDCE) to 'inst/aes_v1_0_S00_AXI_inst/aes0/U0/flag_reg'
INFO: [Synth 8-3333] propagating constant 0 across sequential element (\inst/aes_v1_0_S00_AXI_inst/key_reg[91] )
INFO: [Synth 8-3886] merging instance 'inst/aes_v1_0_S00_AXI_inst/aes0/U0/key_ld_reg[91]' (FDCE) to 'inst/aes_v1_0_S00_AXI_inst/aes0/U0/flag_reg'
INFO: [Synth 8-3333] propagating constant 0 across sequential element (\inst/aes_v1_0_S00_AXI_inst/key_reg[123] )
INFO: [Synth 8-3886] merging instance 'inst/aes_v1_0_S00_AXI_inst/aes0/U0/key_ld_reg[123]' (FDCE) to 'inst/aes_v1_0_S00_AXI_inst/aes0/U0/flag_reg'
INFO: [Synth 8-3333] propagating constant 0 across sequential element (\inst/aes_v1_0_S00_AXI_inst/key_reg[60] )
INFO: [Synth 8-3886] merging instance 'inst/aes_v1_0_S00_AXI_inst/aes0/U0/key_ld_reg[60]' (FDCE) to 'inst/aes_v1_0_S00_AXI_inst/aes0/U0/flag_reg'
INFO: [Synth 8-3333] propagating constant 0 across sequential element (\inst/aes_v1_0_S00_AXI_inst/key_reg[92] )
INFO: [Synth 8-3886] merging instance 'inst/aes_v1_0_S00_AXI_inst/aes0/U0/key_ld_reg[92]' (FDCE) to 'inst/aes_v1_0_S00_AXI_inst/aes0/U0/flag_reg'
INFO: [Synth 8-3333] propagating constant 0 across sequential element (\inst/aes_v1_0_S00_AXI_inst/key_reg[124] )
INFO: [Synth 8-3886] merging instance 'inst/aes_v1_0_S00_AXI_inst/aes0/U0/key_ld_reg[124]' (FDCE) to 'inst/aes_v1_0_S00_AXI_inst/aes0/U0/flag_reg'
INFO: [Synth 8-3333] propagating constant 0 across sequential element (\inst/aes_v1_0_S00_AXI_inst/key_reg[61] )
INFO: [Synth 8-3886] merging instance 'inst/aes_v1_0_S00_AXI_inst/aes0/U0/key_ld_reg[61]' (FDCE) to 'inst/aes_v1_0_S00_AXI_inst/aes0/U0/flag_reg'
INFO: [Synth 8-3333] propagating constant 0 across sequential element (\inst/aes_v1_0_S00_AXI_inst/key_reg[93] )
INFO: [Synth 8-3886] merging instance 'inst/aes_v1_0_S00_AXI_inst/aes0/U0/key_ld_reg[93]' (FDCE) to 'inst/aes_v1_0_S00_AXI_inst/aes0/U0/flag_reg'
INFO: [Synth 8-3333] propagating constant 0 across sequential element (\inst/aes_v1_0_S00_AXI_inst/key_reg[125] )
INFO: [Synth 8-3886] merging instance 'inst/aes_v1_0_S00_AXI_inst/aes0/U0/key_ld_reg[125]' (FDCE) to 'inst/aes_v1_0_S00_AXI_inst/aes0/U0/flag_reg'
INFO: [Synth 8-3333] propagating constant 0 across sequential element (\inst/aes_v1_0_S00_AXI_inst/key_reg[62] )
INFO: [Synth 8-3886] merging instance 'inst/aes_v1_0_S00_AXI_inst/aes0/U0/key_ld_reg[62]' (FDCE) to 'inst/aes_v1_0_S00_AXI_inst/aes0/U0/flag_reg'
INFO: [Synth 8-3333] propagating constant 0 across sequential element (\inst/aes_v1_0_S00_AXI_inst/key_reg[94] )
INFO: [Synth 8-3886] merging instance 'inst/aes_v1_0_S00_AXI_inst/aes0/U0/key_ld_reg[94]' (FDCE) to 'inst/aes_v1_0_S00_AXI_inst/aes0/U0/flag_reg'
INFO: [Synth 8-3333] propagating constant 0 across sequential element (\inst/aes_v1_0_S00_AXI_inst/key_reg[126] )
INFO: [Synth 8-3886] merging instance 'inst/aes_v1_0_S00_AXI_inst/aes0/U0/key_ld_reg[126]' (FDCE) to 'inst/aes_v1_0_S00_AXI_inst/aes0/U0/flag_reg'
INFO: [Synth 8-3333] propagating constant 0 across sequential element (\inst/aes_v1_0_S00_AXI_inst/key_reg[63] )
INFO: [Synth 8-3886] merging instance 'inst/aes_v1_0_S00_AXI_inst/aes0/U0/key_ld_reg[63]' (FDCE) to 'inst/aes_v1_0_S00_AXI_inst/aes0/U0/flag_reg'
INFO: [Synth 8-3333] propagating constant 0 across sequential element (\inst/aes_v1_0_S00_AXI_inst/key_reg[95] )
INFO: [Synth 8-3886] merging instance 'inst/aes_v1_0_S00_AXI_inst/aes0/U0/key_ld_reg[95]' (FDCE) to 'inst/aes_v1_0_S00_AXI_inst/aes0/U0/flag_reg'
INFO: [Synth 8-3333] propagating constant 0 across sequential element (\inst/aes_v1_0_S00_AXI_inst/key_reg[127] )
INFO: [Synth 8-3886] merging instance 'inst/aes_v1_0_S00_AXI_inst/aes0/U0/key_ld_reg[127]' (FDCE) to 'inst/aes_v1_0_S00_AXI_inst/aes0/U0/flag_reg'
INFO: [Synth 8-3333] propagating constant 0 across sequential element (\inst/aes_v1_0_S00_AXI_inst/din_reg[32] )
INFO: [Synth 8-3333] propagating constant 0 across sequential element (\inst/aes_v1_0_S00_AXI_inst/din_reg[64] )
INFO: [Synth 8-3333] propagating constant 0 across sequential element (\inst/aes_v1_0_S00_AXI_inst/din_reg[96] )
INFO: [Synth 8-3333] propagating constant 0 across sequential element (\inst/aes_v1_0_S00_AXI_inst/din_reg[33] )
INFO: [Common 17-14] Message 'Synth 8-3333' appears 100 times and further instances of the messages will be disabled. Use the Tcl command set_msg_config to change the current settings.
INFO: [Synth 8-3886] merging instance 'inst/aes_v1_0_S00_AXI_inst/axi_rresp_reg[0]' (FDRE) to 'inst/aes_v1_0_S00_AXI_inst/axi_rresp_reg[1]'
INFO: [Synth 8-3886] merging instance 'inst/aes_v1_0_S00_AXI_inst/axi_bresp_reg[0]' (FDRE) to 'inst/aes_v1_0_S00_AXI_inst/axi_bresp_reg[1]'
INFO: [Synth 8-3332] Sequential element (inst/aes_v1_0_S00_AXI_inst/aes0/U0/dec_reg) is unused and will be removed from module urbana_aes_0_2.
INFO: [Synth 8-3332] Sequential element (inst/aes_v1_0_S00_AXI_inst/aes0/U0/flag_reg) is unused and will be removed from module urbana_aes_0_2.
INFO: [Synth 8-3332] Sequential element (inst/aes_v1_0_S00_AXI_inst/axi_bresp_reg[1]) is unused and will be removed from module urbana_aes_0_2.
INFO: [Synth 8-3332] Sequential element (inst/aes_v1_0_S00_AXI_inst/axi_araddr_reg[1]) is unused and will be removed from module urbana_aes_0_2.
INFO: [Synth 8-3332] Sequential element (inst/aes_v1_0_S00_AXI_inst/axi_araddr_reg[0]) is unused and will be removed from module urbana_aes_0_2.
INFO: [Synth 8-3332] Sequential element (inst/aes_v1_0_S00_AXI_inst/axi_rresp_reg[1]) is unused and will be removed from module urbana_aes_0_2.
INFO: [Synth 8-3332] Sequential element (inst/aes_v1_0_S00_AXI_inst/key_reg[127]) is unused and will be removed from module urbana_aes_0_2.
INFO: [Synth 8-3332] Sequential element (inst/aes_v1_0_S00_AXI_inst/key_reg[126]) is unused and will be removed from module urbana_aes_0_2.
INFO: [Synth 8-3332] Sequential element (inst/aes_v1_0_S00_AXI_inst/key_reg[125]) is unused and will be removed from module urbana_aes_0_2.
INFO: [Synth 8-3332] Sequential element (inst/aes_v1_0_S00_AXI_inst/key_reg[124]) is unused and will be removed from module urbana_aes_0_2.
INFO: [Synth 8-3332] Sequential element (inst/aes_v1_0_S00_AXI_inst/key_reg[123]) is unused and will be removed from module urbana_aes_0_2.
INFO: [Synth 8-3332] Sequential element (inst/aes_v1_0_S00_AXI_inst/key_reg[122]) is unused and will be removed from module urbana_aes_0_2.
INFO: [Synth 8-3332] Sequential element (inst/aes_v1_0_S00_AXI_inst/key_reg[121]) is unused and will be removed from module urbana_aes_0_2.
INFO: [Synth 8-3332] Sequential element (inst/aes_v1_0_S00_AXI_inst/key_reg[120]) is unused and will be removed from module urbana_aes_0_2.
INFO: [Synth 8-3332] Sequential element (inst/aes_v1_0_S00_AXI_inst/key_reg[119]) is unused and will be removed from module urbana_aes_0_2.
INFO: [Synth 8-3332] Sequential element (inst/aes_v1_0_S00_AXI_inst/key_reg[118]) is unused and will be removed from module urbana_aes_0_2.
INFO: [Synth 8-3332] Sequential element (inst/aes_v1_0_S00_AXI_inst/key_reg[117]) is unused and will be removed from module urbana_aes_0_2.
INFO: [Synth 8-3332] Sequential element (inst/aes_v1_0_S00_AXI_inst/key_reg[116]) is unused and will be removed from module urbana_aes_0_2.
INFO: [Synth 8-3332] Sequential element (inst/aes_v1_0_S00_AXI_inst/key_reg[115]) is unused and will be removed from module urbana_aes_0_2.
INFO: [Synth 8-3332] Sequential element (inst/aes_v1_0_S00_AXI_inst/key_reg[114]) is unused and will be removed from module urbana_aes_0_2.
INFO: [Synth 8-3332] Sequential element (inst/aes_v1_0_S00_AXI_inst/key_reg[113]) is unused and will be removed from module urbana_aes_0_2.
INFO: [Synth 8-3332] Sequential element (inst/aes_v1_0_S00_AXI_inst/key_reg[112]) is unused and will be removed from module urbana_aes_0_2.
INFO: [Synth 8-3332] Sequential element (inst/aes_v1_0_S00_AXI_inst/key_reg[111]) is unused and will be removed from module urbana_aes_0_2.
INFO: [Synth 8-3332] Sequential element (inst/aes_v1_0_S00_AXI_inst/key_reg[110]) is unused and will be removed from module urbana_aes_0_2.
INFO: [Synth 8-3332] Sequential element (inst/aes_v1_0_S00_AXI_inst/key_reg[109]) is unused and will be removed from module urbana_aes_0_2.
INFO: [Synth 8-3332] Sequential element (inst/aes_v1_0_S00_AXI_inst/key_reg[108]) is unused and will be removed from module urbana_aes_0_2.
INFO: [Synth 8-3332] Sequential element (inst/aes_v1_0_S00_AXI_inst/key_reg[107]) is unused and will be removed from module urbana_aes_0_2.
INFO: [Synth 8-3332] Sequential element (inst/aes_v1_0_S00_AXI_inst/key_reg[106]) is unused and will be removed from module urbana_aes_0_2.
INFO: [Synth 8-3332] Sequential element (inst/aes_v1_0_S00_AXI_inst/key_reg[105]) is unused and will be removed from module urbana_aes_0_2.
INFO: [Synth 8-3332] Sequential element (inst/aes_v1_0_S00_AXI_inst/key_reg[104]) is unused and will be removed from module urbana_aes_0_2.
INFO: [Synth 8-3332] Sequential element (inst/aes_v1_0_S00_AXI_inst/key_reg[103]) is unused and will be removed from module urbana_aes_0_2.
INFO: [Synth 8-3332] Sequential element (inst/aes_v1_0_S00_AXI_inst/key_reg[102]) is unused and will be removed from module urbana_aes_0_2.
INFO: [Synth 8-3332] Sequential element (inst/aes_v1_0_S00_AXI_inst/key_reg[101]) is unused and will be removed from module urbana_aes_0_2.
INFO: [Synth 8-3332] Sequential element (inst/aes_v1_0_S00_AXI_inst/key_reg[100]) is unused and will be removed from module urbana_aes_0_2.
INFO: [Synth 8-3332] Sequential element (inst/aes_v1_0_S00_AXI_inst/key_reg[99]) is unused and will be removed from module urbana_aes_0_2.
INFO: [Synth 8-3332] Sequential element (inst/aes_v1_0_S00_AXI_inst/key_reg[98]) is unused and will be removed from module urbana_aes_0_2.
INFO: [Synth 8-3332] Sequential element (inst/aes_v1_0_S00_AXI_inst/key_reg[97]) is unused and will be removed from module urbana_aes_0_2.
INFO: [Synth 8-3332] Sequential element (inst/aes_v1_0_S00_AXI_inst/key_reg[96]) is unused and will be removed from module urbana_aes_0_2.
INFO: [Synth 8-3332] Sequential element (inst/aes_v1_0_S00_AXI_inst/key_reg[95]) is unused and will be removed from module urbana_aes_0_2.
INFO: [Synth 8-3332] Sequential element (inst/aes_v1_0_S00_AXI_inst/key_reg[94]) is unused and will be removed from module urbana_aes_0_2.
INFO: [Synth 8-3332] Sequential element (inst/aes_v1_0_S00_AXI_inst/key_reg[93]) is unused and will be removed from module urbana_aes_0_2.
INFO: [Synth 8-3332] Sequential element (inst/aes_v1_0_S00_AXI_inst/key_reg[92]) is unused and will be removed from module urbana_aes_0_2.
INFO: [Synth 8-3332] Sequential element (inst/aes_v1_0_S00_AXI_inst/key_reg[91]) is unused and will be removed from module urbana_aes_0_2.
INFO: [Synth 8-3332] Sequential element (inst/aes_v1_0_S00_AXI_inst/key_reg[90]) is unused and will be removed from module urbana_aes_0_2.
INFO: [Synth 8-3332] Sequential element (inst/aes_v1_0_S00_AXI_inst/key_reg[89]) is unused and will be removed from module urbana_aes_0_2.
INFO: [Synth 8-3332] Sequential element (inst/aes_v1_0_S00_AXI_inst/key_reg[88]) is unused and will be removed from module urbana_aes_0_2.
INFO: [Synth 8-3332] Sequential element (inst/aes_v1_0_S00_AXI_inst/key_reg[87]) is unused and will be removed from module urbana_aes_0_2.
INFO: [Synth 8-3332] Sequential element (inst/aes_v1_0_S00_AXI_inst/key_reg[86]) is unused and will be removed from module urbana_aes_0_2.
INFO: [Synth 8-3332] Sequential element (inst/aes_v1_0_S00_AXI_inst/key_reg[85]) is unused and will be removed from module urbana_aes_0_2.
INFO: [Synth 8-3332] Sequential element (inst/aes_v1_0_S00_AXI_inst/key_reg[84]) is unused and will be removed from module urbana_aes_0_2.
INFO: [Synth 8-3332] Sequential element (inst/aes_v1_0_S00_AXI_inst/key_reg[83]) is unused and will be removed from module urbana_aes_0_2.
INFO: [Synth 8-3332] Sequential element (inst/aes_v1_0_S00_AXI_inst/key_reg[82]) is unused and will be removed from module urbana_aes_0_2.
INFO: [Synth 8-3332] Sequential element (inst/aes_v1_0_S00_AXI_inst/key_reg[81]) is unused and will be removed from module urbana_aes_0_2.
INFO: [Synth 8-3332] Sequential element (inst/aes_v1_0_S00_AXI_inst/key_reg[80]) is unused and will be removed from module urbana_aes_0_2.
INFO: [Synth 8-3332] Sequential element (inst/aes_v1_0_S00_AXI_inst/key_reg[79]) is unused and will be removed from module urbana_aes_0_2.
INFO: [Synth 8-3332] Sequential element (inst/aes_v1_0_S00_AXI_inst/key_reg[78]) is unused and will be removed from module urbana_aes_0_2.
INFO: [Synth 8-3332] Sequential element (inst/aes_v1_0_S00_AXI_inst/key_reg[77]) is unused and will be removed from module urbana_aes_0_2.
INFO: [Synth 8-3332] Sequential element (inst/aes_v1_0_S00_AXI_inst/key_reg[76]) is unused and will be removed from module urbana_aes_0_2.
INFO: [Synth 8-3332] Sequential element (inst/aes_v1_0_S00_AXI_inst/key_reg[75]) is unused and will be removed from module urbana_aes_0_2.
INFO: [Synth 8-3332] Sequential element (inst/aes_v1_0_S00_AXI_inst/key_reg[74]) is unused and will be removed from module urbana_aes_0_2.
INFO: [Synth 8-3332] Sequential element (inst/aes_v1_0_S00_AXI_inst/key_reg[73]) is unused and will be removed from module urbana_aes_0_2.
INFO: [Synth 8-3332] Sequential element (inst/aes_v1_0_S00_AXI_inst/key_reg[72]) is unused and will be removed from module urbana_aes_0_2.
INFO: [Synth 8-3332] Sequential element (inst/aes_v1_0_S00_AXI_inst/key_reg[71]) is unused and will be removed from module urbana_aes_0_2.
INFO: [Synth 8-3332] Sequential element (inst/aes_v1_0_S00_AXI_inst/key_reg[70]) is unused and will be removed from module urbana_aes_0_2.
INFO: [Synth 8-3332] Sequential element (inst/aes_v1_0_S00_AXI_inst/key_reg[69]) is unused and will be removed from module urbana_aes_0_2.
INFO: [Synth 8-3332] Sequential element (inst/aes_v1_0_S00_AXI_inst/key_reg[68]) is unused and will be removed from module urbana_aes_0_2.
INFO: [Synth 8-3332] Sequential element (inst/aes_v1_0_S00_AXI_inst/key_reg[67]) is unused and will be removed from module urbana_aes_0_2.
INFO: [Synth 8-3332] Sequential element (inst/aes_v1_0_S00_AXI_inst/key_reg[66]) is unused and will be removed from module urbana_aes_0_2.
INFO: [Synth 8-3332] Sequential element (inst/aes_v1_0_S00_AXI_inst/key_reg[65]) is unused and will be removed from module urbana_aes_0_2.
INFO: [Synth 8-3332] Sequential element (inst/aes_v1_0_S00_AXI_inst/key_reg[64]) is unused and will be removed from module urbana_aes_0_2.
INFO: [Synth 8-3332] Sequential element (inst/aes_v1_0_S00_AXI_inst/key_reg[63]) is unused and will be removed from module urbana_aes_0_2.
INFO: [Synth 8-3332] Sequential element (inst/aes_v1_0_S00_AXI_inst/key_reg[62]) is unused and will be removed from module urbana_aes_0_2.
INFO: [Synth 8-3332] Sequential element (inst/aes_v1_0_S00_AXI_inst/key_reg[61]) is unused and will be removed from module urbana_aes_0_2.
INFO: [Synth 8-3332] Sequential element (inst/aes_v1_0_S00_AXI_inst/key_reg[60]) is unused and will be removed from module urbana_aes_0_2.
INFO: [Synth 8-3332] Sequential element (inst/aes_v1_0_S00_AXI_inst/key_reg[59]) is unused and will be removed from module urbana_aes_0_2.
INFO: [Synth 8-3332] Sequential element (inst/aes_v1_0_S00_AXI_inst/key_reg[58]) is unused and will be removed from module urbana_aes_0_2.
INFO: [Synth 8-3332] Sequential element (inst/aes_v1_0_S00_AXI_inst/key_reg[57]) is unused and will be removed from module urbana_aes_0_2.
INFO: [Synth 8-3332] Sequential element (inst/aes_v1_0_S00_AXI_inst/key_reg[56]) is unused and will be removed from module urbana_aes_0_2.
INFO: [Synth 8-3332] Sequential element (inst/aes_v1_0_S00_AXI_inst/key_reg[55]) is unused and will be removed from module urbana_aes_0_2.
INFO: [Synth 8-3332] Sequential element (inst/aes_v1_0_S00_AXI_inst/key_reg[54]) is unused and will be removed from module urbana_aes_0_2.
INFO: [Synth 8-3332] Sequential element (inst/aes_v1_0_S00_AXI_inst/key_reg[53]) is unused and will be removed from module urbana_aes_0_2.
INFO: [Synth 8-3332] Sequential element (inst/aes_v1_0_S00_AXI_inst/key_reg[52]) is unused and will be removed from module urbana_aes_0_2.
INFO: [Synth 8-3332] Sequential element (inst/aes_v1_0_S00_AXI_inst/key_reg[51]) is unused and will be removed from module urbana_aes_0_2.
INFO: [Synth 8-3332] Sequential element (inst/aes_v1_0_S00_AXI_inst/key_reg[50]) is unused and will be removed from module urbana_aes_0_2.
INFO: [Synth 8-3332] Sequential element (inst/aes_v1_0_S00_AXI_inst/key_reg[49]) is unused and will be removed from module urbana_aes_0_2.
INFO: [Synth 8-3332] Sequential element (inst/aes_v1_0_S00_AXI_inst/key_reg[48]) is unused and will be removed from module urbana_aes_0_2.
INFO: [Synth 8-3332] Sequential element (inst/aes_v1_0_S00_AXI_inst/key_reg[47]) is unused and will be removed from module urbana_aes_0_2.
INFO: [Synth 8-3332] Sequential element (inst/aes_v1_0_S00_AXI_inst/key_reg[46]) is unused and will be removed from module urbana_aes_0_2.
INFO: [Synth 8-3332] Sequential element (inst/aes_v1_0_S00_AXI_inst/key_reg[45]) is unused and will be removed from module urbana_aes_0_2.
INFO: [Synth 8-3332] Sequential element (inst/aes_v1_0_S00_AXI_inst/key_reg[44]) is unused and will be removed from module urbana_aes_0_2.
INFO: [Synth 8-3332] Sequential element (inst/aes_v1_0_S00_AXI_inst/key_reg[43]) is unused and will be removed from module urbana_aes_0_2.
INFO: [Synth 8-3332] Sequential element (inst/aes_v1_0_S00_AXI_inst/key_reg[42]) is unused and will be removed from module urbana_aes_0_2.
INFO: [Synth 8-3332] Sequential element (inst/aes_v1_0_S00_AXI_inst/key_reg[41]) is unused and will be removed from module urbana_aes_0_2.
INFO: [Synth 8-3332] Sequential element (inst/aes_v1_0_S00_AXI_inst/key_reg[40]) is unused and will be removed from module urbana_aes_0_2.
INFO: [Synth 8-3332] Sequential element (inst/aes_v1_0_S00_AXI_inst/key_reg[39]) is unused and will be removed from module urbana_aes_0_2.
INFO: [Synth 8-3332] Sequential element (inst/aes_v1_0_S00_AXI_inst/key_reg[38]) is unused and will be removed from module urbana_aes_0_2.
INFO: [Synth 8-3332] Sequential element (inst/aes_v1_0_S00_AXI_inst/key_reg[37]) is unused and will be removed from module urbana_aes_0_2.
INFO: [Synth 8-3332] Sequential element (inst/aes_v1_0_S00_AXI_inst/key_reg[36]) is unused and will be removed from module urbana_aes_0_2.
INFO: [Synth 8-3332] Sequential element (inst/aes_v1_0_S00_AXI_inst/key_reg[35]) is unused and will be removed from module urbana_aes_0_2.
INFO: [Synth 8-3332] Sequential element (inst/aes_v1_0_S00_AXI_inst/key_reg[34]) is unused and will be removed from module urbana_aes_0_2.
INFO: [Common 17-14] Message 'Synth 8-3332' appears 100 times and further instances of the messages will be disabled. Use the Tcl command set_msg_config to change the current settings.
---------------------------------------------------------------------------------
Finished Cross Boundary and Area Optimization : Time (s): cpu = 00:00:14 ; elapsed = 00:00:35 . Memory (MB): peak = 737.379 ; gain = 474.832
---------------------------------------------------------------------------------
---------------------------------------------------------------------------------
Start ROM, RAM, DSP and Shift Register Reporting
---------------------------------------------------------------------------------

ROM:
+------------+-------------+---------------+----------------+
|Module Name | RTL Object  | Depth x Width | Implemented As | 
+------------+-------------+---------------+----------------+
|sbox        | data_out    | 256x8         | LUT            | 
|InvSbox     | data_out    | 256x8         | LUT            | 
|kexp        | U0/data_out | 256x8         | LUT            | 
|aes         | U1/data_out | 256x8         | LUT            | 
|aes         | U2/data_out | 256x8         | LUT            | 
+------------+-------------+---------------+----------------+

---------------------------------------------------------------------------------
Finished ROM, RAM, DSP and Shift Register Reporting
---------------------------------------------------------------------------------

Report RTL Partitions: 
+-+--------------+------------+----------+
| |RTL Partition |Replication |Instances |
+-+--------------+------------+----------+
+-+--------------+------------+----------+
---------------------------------------------------------------------------------
Start Applying XDC Timing Constraints
---------------------------------------------------------------------------------
---------------------------------------------------------------------------------
Finished Applying XDC Timing Constraints : Time (s): cpu = 00:00:18 ; elapsed = 00:00:46 . Memory (MB): peak = 752.645 ; gain = 490.098
---------------------------------------------------------------------------------
---------------------------------------------------------------------------------
Start Timing Optimization
---------------------------------------------------------------------------------
---------------------------------------------------------------------------------
Finished Timing Optimization : Time (s): cpu = 00:00:18 ; elapsed = 00:00:46 . Memory (MB): peak = 754.309 ; gain = 491.762
---------------------------------------------------------------------------------

Report RTL Partitions: 
+-+--------------+------------+----------+
| |RTL Partition |Replication |Instances |
+-+--------------+------------+----------+
+-+--------------+------------+----------+
---------------------------------------------------------------------------------
Start Technology Mapping
---------------------------------------------------------------------------------
---------------------------------------------------------------------------------
Finished Technology Mapping : Time (s): cpu = 00:00:19 ; elapsed = 00:00:47 . Memory (MB): peak = 788.941 ; gain = 526.395
---------------------------------------------------------------------------------

Report RTL Partitions: 
+-+--------------+------------+----------+
| |RTL Partition |Replication |Instances |
+-+--------------+------------+----------+
+-+--------------+------------+----------+
---------------------------------------------------------------------------------
Start IO Insertion
---------------------------------------------------------------------------------
---------------------------------------------------------------------------------
Start Flattening Before IO Insertion
---------------------------------------------------------------------------------
---------------------------------------------------------------------------------
Finished Flattening Before IO Insertion
---------------------------------------------------------------------------------
---------------------------------------------------------------------------------
Start Final Netlist Cleanup
---------------------------------------------------------------------------------
---------------------------------------------------------------------------------
Finished Final Netlist Cleanup
---------------------------------------------------------------------------------
---------------------------------------------------------------------------------
Finished IO Insertion : Time (s): cpu = 00:00:19 ; elapsed = 00:00:48 . Memory (MB): peak = 788.941 ; gain = 526.395
---------------------------------------------------------------------------------

Report Check Netlist: 
+------+------------------+-------+---------+-------+------------------+
|      |Item              |Errors |Warnings |Status |Description       |
+------+------------------+-------+---------+-------+------------------+
|1     |multi_driven_nets |      0|        0|Passed |Multi driven nets |
+------+------------------+-------+---------+-------+------------------+
---------------------------------------------------------------------------------
Start Renaming Generated Instances
---------------------------------------------------------------------------------
---------------------------------------------------------------------------------
Finished Renaming Generated Instances : Time (s): cpu = 00:00:19 ; elapsed = 00:00:48 . Memory (MB): peak = 788.941 ; gain = 526.395
---------------------------------------------------------------------------------

Report RTL Partitions: 
+-+--------------+------------+----------+
| |RTL Partition |Replication |Instances |
+-+--------------+------------+----------+
+-+--------------+------------+----------+
---------------------------------------------------------------------------------
Start Rebuilding User Hierarchy
---------------------------------------------------------------------------------
---------------------------------------------------------------------------------
Finished Rebuilding User Hierarchy : Time (s): cpu = 00:00:19 ; elapsed = 00:00:48 . Memory (MB): peak = 788.941 ; gain = 526.395
---------------------------------------------------------------------------------
---------------------------------------------------------------------------------
Start Renaming Generated Ports
---------------------------------------------------------------------------------
---------------------------------------------------------------------------------
Finished Renaming Generated Ports : Time (s): cpu = 00:00:19 ; elapsed = 00:00:48 . Memory (MB): peak = 788.941 ; gain = 526.395
---------------------------------------------------------------------------------
---------------------------------------------------------------------------------
Start Handling Custom Attributes
---------------------------------------------------------------------------------
---------------------------------------------------------------------------------
Finished Handling Custom Attributes : Time (s): cpu = 00:00:19 ; elapsed = 00:00:48 . Memory (MB): peak = 788.941 ; gain = 526.395
---------------------------------------------------------------------------------
---------------------------------------------------------------------------------
Start Renaming Generated Nets
---------------------------------------------------------------------------------
---------------------------------------------------------------------------------
Finished Renaming Generated Nets : Time (s): cpu = 00:00:19 ; elapsed = 00:00:48 . Memory (MB): peak = 788.941 ; gain = 526.395
---------------------------------------------------------------------------------
---------------------------------------------------------------------------------
Start Writing Synthesis Report
---------------------------------------------------------------------------------

Report BlackBoxes: 
+-+--------------+----------+
| |BlackBox name |Instances |
+-+--------------+----------+
+-+--------------+----------+

Report Cell Usage: 
+------+------+------+
|      |Cell  |Count |
+------+------+------+
|1     |LUT1  |     3|
|2     |LUT2  |    47|
|3     |LUT3  |    84|
|4     |LUT4  |   109|
|5     |LUT5  |   260|
|6     |LUT6  |   382|
|7     |MUXF7 |    32|
|8     |MUXF8 |    16|
|9     |FDCE  |   394|
|10    |FDPE  |     2|
|11    |FDRE  |   175|
|12    |FDSE  |     1|
+------+------+------+

Report Instance Areas: 
+------+--------------------------+-----------------+------+
|      |Instance                  |Module           |Cells |
+------+--------------------------+-----------------+------+
|1     |top                       |                 |  1505|
|2     |  inst                    |aes_v1_0         |  1505|
|3     |    aes_v1_0_S00_AXI_inst |aes_v1_0_S00_AXI |  1505|
|4     |      aes0                |aes              |  1306|
|5     |        U1                |sbox             |     8|
|6     |        U0                |kexp             |   731|
|7     |          U0              |sbox_0           |    24|
+------+--------------------------+-----------------+------+
---------------------------------------------------------------------------------
Finished Writing Synthesis Report : Time (s): cpu = 00:00:19 ; elapsed = 00:00:48 . Memory (MB): peak = 788.941 ; gain = 526.395
---------------------------------------------------------------------------------
Synthesis finished with 0 errors, 0 critical warnings and 6 warnings.
Synthesis Optimization Runtime : Time (s): cpu = 00:00:13 ; elapsed = 00:00:38 . Memory (MB): peak = 788.941 ; gain = 201.875
Synthesis Optimization Complete : Time (s): cpu = 00:00:20 ; elapsed = 00:00:49 . Memory (MB): peak = 788.941 ; gain = 526.395
INFO: [Project 1-571] Translating synthesized netlist
INFO: [Netlist 29-17] Analyzing 48 Unisim elements for replacement
INFO: [Netlist 29-28] Unisim Transformation completed in 0 CPU seconds
INFO: [Project 1-570] Preparing netlist for logic optimization
INFO: [Opt 31-138] Pushed 0 inverter(s) to 0 load pin(s).
INFO: [Project 1-111] Unisim Transformation Summary:
No Unisim elements were transformed.

INFO: [Common 17-83] Releasing license: Synthesis
405 Infos, 20 Warnings, 0 Critical Warnings and 0 Errors encountered.
synth_design completed successfully
synth_design: Time (s): cpu = 00:00:20 ; elapsed = 00:00:52 . Memory (MB): peak = 788.941 ; gain = 526.395
INFO: [Common 17-1381] The checkpoint 'D:/Security/nthu_sys_lcm_only/nthu_sys_lcm_only.runs/urbana_aes_0_2_synth_1/urbana_aes_0_2.dcp' has been generated.
