
*** Running vivado
    with args -log urbana_test_lect8_0_0.vds -m64 -product Vivado -mode batch -messageDb vivado.pb -notrace -source urbana_test_lect8_0_0.tcl


****** Vivado v2017.4 (64-bit)
  **** SW Build 2086221 on Fri Dec 15 20:54:30 MST 2017
  **** IP Build 2085800 on Fri Dec 15 22:25:07 MST 2017
    ** Copyright 1986-2017 Xilinx, Inc. All Rights Reserved.

source urbana_test_lect8_0_0.tcl -notrace
Command: synth_design -top urbana_test_lect8_0_0 -part xc7s50csga324-2 -mode out_of_context
Starting synth_design
Attempting to get a license for feature 'Synthesis' and/or device 'xc7s50'
INFO: [Common 17-349] Got license for feature 'Synthesis' and/or device 'xc7s50'
INFO: Launching helper process for spawning children vivado processes
INFO: Helper process launched with PID 35799 
---------------------------------------------------------------------------------
Starting RTL Elaboration : Time (s): cpu = 00:00:07 ; elapsed = 00:00:08 . Memory (MB): peak = 1401.480 ; gain = 85.992 ; free physical = 26984 ; free virtual = 345774
---------------------------------------------------------------------------------
INFO: [Synth 8-638] synthesizing module 'urbana_test_lect8_0_0' [/home/balance/work/FPGA/nthu_sys_lcm_only/nthu_sys_lcm_only.srcs/sources_1/bd/urbana/ip/urbana_test_lect8_0_0/synth/urbana_test_lect8_0_0.v:56]
INFO: [Synth 8-638] synthesizing module 'test_lect8_v1_0' [/home/balance/work/FPGA/nthu_sys_lcm_only/nthu_sys_lcm_only.srcs/sources_1/bd/urbana/ipshared/d717/hdl/test_lect8_v1_0.v:4]
	Parameter C_S00_AXI_DATA_WIDTH bound to: 32 - type: integer 
	Parameter C_S00_AXI_ADDR_WIDTH bound to: 4 - type: integer 
INFO: [Synth 8-638] synthesizing module 'test_lect8_v1_0_S00_AXI' [/home/balance/work/FPGA/nthu_sys_lcm_only/nthu_sys_lcm_only.srcs/sources_1/bd/urbana/ipshared/d717/hdl/test_lect8_v1_0_S00_AXI.v:4]
	Parameter C_S_AXI_DATA_WIDTH bound to: 32 - type: integer 
	Parameter C_S_AXI_ADDR_WIDTH bound to: 4 - type: integer 
	Parameter ADDR_LSB bound to: 2 - type: integer 
	Parameter OPT_MEM_ADDR_BITS bound to: 1 - type: integer 
INFO: [Synth 8-226] default block is never used [/home/balance/work/FPGA/nthu_sys_lcm_only/nthu_sys_lcm_only.srcs/sources_1/bd/urbana/ipshared/d717/hdl/test_lect8_v1_0_S00_AXI.v:231]
INFO: [Synth 8-226] default block is never used [/home/balance/work/FPGA/nthu_sys_lcm_only/nthu_sys_lcm_only.srcs/sources_1/bd/urbana/ipshared/d717/hdl/test_lect8_v1_0_S00_AXI.v:372]
WARNING: [Synth 8-6014] Unused sequential element slv_reg1_reg was removed.  [/home/balance/work/FPGA/nthu_sys_lcm_only/nthu_sys_lcm_only.srcs/sources_1/bd/urbana/ipshared/d717/hdl/test_lect8_v1_0_S00_AXI.v:224]
INFO: [Synth 8-256] done synthesizing module 'test_lect8_v1_0_S00_AXI' (1#1) [/home/balance/work/FPGA/nthu_sys_lcm_only/nthu_sys_lcm_only.srcs/sources_1/bd/urbana/ipshared/d717/hdl/test_lect8_v1_0_S00_AXI.v:4]
INFO: [Synth 8-256] done synthesizing module 'test_lect8_v1_0' (2#1) [/home/balance/work/FPGA/nthu_sys_lcm_only/nthu_sys_lcm_only.srcs/sources_1/bd/urbana/ipshared/d717/hdl/test_lect8_v1_0.v:4]
INFO: [Synth 8-256] done synthesizing module 'urbana_test_lect8_0_0' (3#1) [/home/balance/work/FPGA/nthu_sys_lcm_only/nthu_sys_lcm_only.srcs/sources_1/bd/urbana/ip/urbana_test_lect8_0_0/synth/urbana_test_lect8_0_0.v:56]
WARNING: [Synth 8-3331] design test_lect8_v1_0_S00_AXI has unconnected port S_AXI_AWPROT[2]
WARNING: [Synth 8-3331] design test_lect8_v1_0_S00_AXI has unconnected port S_AXI_AWPROT[1]
WARNING: [Synth 8-3331] design test_lect8_v1_0_S00_AXI has unconnected port S_AXI_AWPROT[0]
WARNING: [Synth 8-3331] design test_lect8_v1_0_S00_AXI has unconnected port S_AXI_ARPROT[2]
WARNING: [Synth 8-3331] design test_lect8_v1_0_S00_AXI has unconnected port S_AXI_ARPROT[1]
WARNING: [Synth 8-3331] design test_lect8_v1_0_S00_AXI has unconnected port S_AXI_ARPROT[0]
---------------------------------------------------------------------------------
Finished RTL Elaboration : Time (s): cpu = 00:00:08 ; elapsed = 00:00:10 . Memory (MB): peak = 1444.027 ; gain = 128.539 ; free physical = 26945 ; free virtual = 345735
---------------------------------------------------------------------------------

Report Check Netlist: 
+------+------------------+-------+---------+-------+------------------+
|      |Item              |Errors |Warnings |Status |Description       |
+------+------------------+-------+---------+-------+------------------+
|1     |multi_driven_nets |      0|        0|Passed |Multi driven nets |
+------+------------------+-------+---------+-------+------------------+
---------------------------------------------------------------------------------
Finished RTL Optimization Phase 1 : Time (s): cpu = 00:00:08 ; elapsed = 00:00:10 . Memory (MB): peak = 1444.027 ; gain = 128.539 ; free physical = 26996 ; free virtual = 345787
---------------------------------------------------------------------------------
INFO: [Device 21-403] Loading part xc7s50csga324-2
INFO: [Project 1-570] Preparing netlist for logic optimization

Processing XDC Constraints
Initializing timing engine
Completed Processing XDC Constraints

INFO: [Project 1-111] Unisim Transformation Summary:
No Unisim elements were transformed.

Constraint Validation Runtime : Time (s): cpu = 00:00:00.01 ; elapsed = 00:00:00.01 . Memory (MB): peak = 1781.309 ; gain = 0.000 ; free physical = 26524 ; free virtual = 345315
---------------------------------------------------------------------------------
Finished Constraint Validation : Time (s): cpu = 00:00:21 ; elapsed = 00:00:42 . Memory (MB): peak = 1781.309 ; gain = 465.820 ; free physical = 26614 ; free virtual = 345405
---------------------------------------------------------------------------------
---------------------------------------------------------------------------------
Start Loading Part and Timing Information
---------------------------------------------------------------------------------
Loading part: xc7s50csga324-2
---------------------------------------------------------------------------------
Finished Loading Part and Timing Information : Time (s): cpu = 00:00:21 ; elapsed = 00:00:42 . Memory (MB): peak = 1781.309 ; gain = 465.820 ; free physical = 26614 ; free virtual = 345405
---------------------------------------------------------------------------------
---------------------------------------------------------------------------------
Start Applying 'set_property' XDC Constraints
---------------------------------------------------------------------------------
---------------------------------------------------------------------------------
Finished applying 'set_property' XDC Constraints : Time (s): cpu = 00:00:21 ; elapsed = 00:00:42 . Memory (MB): peak = 1781.309 ; gain = 465.820 ; free physical = 26614 ; free virtual = 345405
---------------------------------------------------------------------------------
---------------------------------------------------------------------------------
Finished RTL Optimization Phase 2 : Time (s): cpu = 00:00:21 ; elapsed = 00:00:43 . Memory (MB): peak = 1781.309 ; gain = 465.820 ; free physical = 26602 ; free virtual = 345393
---------------------------------------------------------------------------------

Report RTL Partitions: 
+-+--------------+------------+----------+
| |RTL Partition |Replication |Instances |
+-+--------------+------------+----------+
+-+--------------+------------+----------+
---------------------------------------------------------------------------------
Start RTL Component Statistics 
---------------------------------------------------------------------------------
Detailed RTL Component Info : 
+---Registers : 
	               32 Bit    Registers := 4     
	                4 Bit    Registers := 2     
	                2 Bit    Registers := 2     
	                1 Bit    Registers := 6     
+---Muxes : 
	   2 Input     32 Bit        Muxes := 3     
	   4 Input     32 Bit        Muxes := 4     
	   2 Input      1 Bit        Muxes := 5     
---------------------------------------------------------------------------------
Finished RTL Component Statistics 
---------------------------------------------------------------------------------
---------------------------------------------------------------------------------
Start RTL Hierarchical Component Statistics 
---------------------------------------------------------------------------------
Hierarchical RTL Component report 
Module test_lect8_v1_0_S00_AXI 
Detailed RTL Component Info : 
+---Registers : 
	               32 Bit    Registers := 4     
	                4 Bit    Registers := 2     
	                2 Bit    Registers := 2     
	                1 Bit    Registers := 6     
+---Muxes : 
	   2 Input     32 Bit        Muxes := 3     
	   4 Input     32 Bit        Muxes := 4     
	   2 Input      1 Bit        Muxes := 5     
---------------------------------------------------------------------------------
Finished RTL Hierarchical Component Statistics
---------------------------------------------------------------------------------
---------------------------------------------------------------------------------
Start Part Resource Summary
---------------------------------------------------------------------------------
Part Resources:
DSPs: 120 (col length:60)
BRAMs: 150 (col length: RAMB18 60 RAMB36 30)
---------------------------------------------------------------------------------
Finished Part Resource Summary
---------------------------------------------------------------------------------
---------------------------------------------------------------------------------
Start Cross Boundary and Area Optimization
---------------------------------------------------------------------------------
WARNING: [Synth 8-3331] design urbana_test_lect8_0_0 has unconnected port s00_axi_awprot[2]
WARNING: [Synth 8-3331] design urbana_test_lect8_0_0 has unconnected port s00_axi_awprot[1]
WARNING: [Synth 8-3331] design urbana_test_lect8_0_0 has unconnected port s00_axi_awprot[0]
WARNING: [Synth 8-3331] design urbana_test_lect8_0_0 has unconnected port s00_axi_arprot[2]
WARNING: [Synth 8-3331] design urbana_test_lect8_0_0 has unconnected port s00_axi_arprot[1]
WARNING: [Synth 8-3331] design urbana_test_lect8_0_0 has unconnected port s00_axi_arprot[0]
INFO: [Synth 8-3886] merging instance 'inst/test_lect8_v1_0_S00_AXI_inst/axi_rresp_reg[0]' (FDRE) to 'inst/test_lect8_v1_0_S00_AXI_inst/axi_rresp_reg[1]'
INFO: [Synth 8-3333] propagating constant 0 across sequential element (\inst/test_lect8_v1_0_S00_AXI_inst/axi_rresp_reg[1] )
INFO: [Synth 8-3886] merging instance 'inst/test_lect8_v1_0_S00_AXI_inst/axi_bresp_reg[0]' (FDRE) to 'inst/test_lect8_v1_0_S00_AXI_inst/axi_bresp_reg[1]'
INFO: [Synth 8-3333] propagating constant 0 across sequential element (\inst/test_lect8_v1_0_S00_AXI_inst/axi_bresp_reg[1] )
INFO: [Synth 8-3332] Sequential element (inst/test_lect8_v1_0_S00_AXI_inst/axi_bresp_reg[1]) is unused and will be removed from module urbana_test_lect8_0_0.
INFO: [Synth 8-3332] Sequential element (inst/test_lect8_v1_0_S00_AXI_inst/axi_araddr_reg[1]) is unused and will be removed from module urbana_test_lect8_0_0.
INFO: [Synth 8-3332] Sequential element (inst/test_lect8_v1_0_S00_AXI_inst/axi_araddr_reg[0]) is unused and will be removed from module urbana_test_lect8_0_0.
INFO: [Synth 8-3332] Sequential element (inst/test_lect8_v1_0_S00_AXI_inst/axi_awaddr_reg[1]) is unused and will be removed from module urbana_test_lect8_0_0.
INFO: [Synth 8-3332] Sequential element (inst/test_lect8_v1_0_S00_AXI_inst/axi_awaddr_reg[0]) is unused and will be removed from module urbana_test_lect8_0_0.
INFO: [Synth 8-3332] Sequential element (inst/test_lect8_v1_0_S00_AXI_inst/axi_rresp_reg[1]) is unused and will be removed from module urbana_test_lect8_0_0.
---------------------------------------------------------------------------------
Finished Cross Boundary and Area Optimization : Time (s): cpu = 00:00:21 ; elapsed = 00:00:43 . Memory (MB): peak = 1781.309 ; gain = 465.820 ; free physical = 26582 ; free virtual = 345373
---------------------------------------------------------------------------------

Report RTL Partitions: 
+-+--------------+------------+----------+
| |RTL Partition |Replication |Instances |
+-+--------------+------------+----------+
+-+--------------+------------+----------+
---------------------------------------------------------------------------------
Start Applying XDC Timing Constraints
---------------------------------------------------------------------------------
---------------------------------------------------------------------------------
Finished Applying XDC Timing Constraints : Time (s): cpu = 00:00:27 ; elapsed = 00:00:55 . Memory (MB): peak = 1781.309 ; gain = 465.820 ; free physical = 26356 ; free virtual = 345147
---------------------------------------------------------------------------------
---------------------------------------------------------------------------------
Start Timing Optimization
---------------------------------------------------------------------------------
---------------------------------------------------------------------------------
Finished Timing Optimization : Time (s): cpu = 00:00:27 ; elapsed = 00:00:55 . Memory (MB): peak = 1781.309 ; gain = 465.820 ; free physical = 26356 ; free virtual = 345147
---------------------------------------------------------------------------------

Report RTL Partitions: 
+-+--------------+------------+----------+
| |RTL Partition |Replication |Instances |
+-+--------------+------------+----------+
+-+--------------+------------+----------+
---------------------------------------------------------------------------------
Start Technology Mapping
---------------------------------------------------------------------------------
---------------------------------------------------------------------------------
Finished Technology Mapping : Time (s): cpu = 00:00:27 ; elapsed = 00:00:55 . Memory (MB): peak = 1781.309 ; gain = 465.820 ; free physical = 26354 ; free virtual = 345145
---------------------------------------------------------------------------------

Report RTL Partitions: 
+-+--------------+------------+----------+
| |RTL Partition |Replication |Instances |
+-+--------------+------------+----------+
+-+--------------+------------+----------+
---------------------------------------------------------------------------------
Start IO Insertion
---------------------------------------------------------------------------------
---------------------------------------------------------------------------------
Start Flattening Before IO Insertion
---------------------------------------------------------------------------------
---------------------------------------------------------------------------------
Finished Flattening Before IO Insertion
---------------------------------------------------------------------------------
---------------------------------------------------------------------------------
Start Final Netlist Cleanup
---------------------------------------------------------------------------------
---------------------------------------------------------------------------------
Finished Final Netlist Cleanup
---------------------------------------------------------------------------------
---------------------------------------------------------------------------------
Finished IO Insertion : Time (s): cpu = 00:00:28 ; elapsed = 00:00:56 . Memory (MB): peak = 1781.309 ; gain = 465.820 ; free physical = 26351 ; free virtual = 345143
---------------------------------------------------------------------------------

Report Check Netlist: 
+------+------------------+-------+---------+-------+------------------+
|      |Item              |Errors |Warnings |Status |Description       |
+------+------------------+-------+---------+-------+------------------+
|1     |multi_driven_nets |      0|        0|Passed |Multi driven nets |
+------+------------------+-------+---------+-------+------------------+
---------------------------------------------------------------------------------
Start Renaming Generated Instances
---------------------------------------------------------------------------------
---------------------------------------------------------------------------------
Finished Renaming Generated Instances : Time (s): cpu = 00:00:28 ; elapsed = 00:00:56 . Memory (MB): peak = 1781.309 ; gain = 465.820 ; free physical = 26351 ; free virtual = 345143
---------------------------------------------------------------------------------

Report RTL Partitions: 
+-+--------------+------------+----------+
| |RTL Partition |Replication |Instances |
+-+--------------+------------+----------+
+-+--------------+------------+----------+
---------------------------------------------------------------------------------
Start Rebuilding User Hierarchy
---------------------------------------------------------------------------------
---------------------------------------------------------------------------------
Finished Rebuilding User Hierarchy : Time (s): cpu = 00:00:28 ; elapsed = 00:00:56 . Memory (MB): peak = 1781.309 ; gain = 465.820 ; free physical = 26351 ; free virtual = 345143
---------------------------------------------------------------------------------
---------------------------------------------------------------------------------
Start Renaming Generated Ports
---------------------------------------------------------------------------------
---------------------------------------------------------------------------------
Finished Renaming Generated Ports : Time (s): cpu = 00:00:28 ; elapsed = 00:00:56 . Memory (MB): peak = 1781.309 ; gain = 465.820 ; free physical = 26351 ; free virtual = 345143
---------------------------------------------------------------------------------
---------------------------------------------------------------------------------
Start Handling Custom Attributes
---------------------------------------------------------------------------------
---------------------------------------------------------------------------------
Finished Handling Custom Attributes : Time (s): cpu = 00:00:28 ; elapsed = 00:00:56 . Memory (MB): peak = 1781.309 ; gain = 465.820 ; free physical = 26351 ; free virtual = 345143
---------------------------------------------------------------------------------
---------------------------------------------------------------------------------
Start Renaming Generated Nets
---------------------------------------------------------------------------------
---------------------------------------------------------------------------------
Finished Renaming Generated Nets : Time (s): cpu = 00:00:28 ; elapsed = 00:00:56 . Memory (MB): peak = 1781.309 ; gain = 465.820 ; free physical = 26351 ; free virtual = 345143
---------------------------------------------------------------------------------
---------------------------------------------------------------------------------
Start Writing Synthesis Report
---------------------------------------------------------------------------------

Report BlackBoxes: 
+-+--------------+----------+
| |BlackBox name |Instances |
+-+--------------+----------+
+-+--------------+----------+

Report Cell Usage: 
+------+-----+------+
|      |Cell |Count |
+------+-----+------+
|1     |LUT1 |     1|
|2     |LUT2 |     1|
|3     |LUT3 |     1|
|4     |LUT4 |    18|
|5     |LUT5 |    32|
|6     |LUT6 |     4|
|7     |FDRE |   137|
|8     |FDSE |     1|
+------+-----+------+

Report Instance Areas: 
+------+---------------------------------+------------------------+------+
|      |Instance                         |Module                  |Cells |
+------+---------------------------------+------------------------+------+
|1     |top                              |                        |   195|
|2     |  inst                           |test_lect8_v1_0         |   195|
|3     |    test_lect8_v1_0_S00_AXI_inst |test_lect8_v1_0_S00_AXI |   195|
+------+---------------------------------+------------------------+------+
---------------------------------------------------------------------------------
Finished Writing Synthesis Report : Time (s): cpu = 00:00:28 ; elapsed = 00:00:56 . Memory (MB): peak = 1781.309 ; gain = 465.820 ; free physical = 26351 ; free virtual = 345143
---------------------------------------------------------------------------------
Synthesis finished with 0 errors, 0 critical warnings and 6 warnings.
Synthesis Optimization Runtime : Time (s): cpu = 00:00:22 ; elapsed = 00:00:32 . Memory (MB): peak = 1781.309 ; gain = 128.539 ; free physical = 26403 ; free virtual = 345194
Synthesis Optimization Complete : Time (s): cpu = 00:00:28 ; elapsed = 00:00:56 . Memory (MB): peak = 1781.309 ; gain = 465.820 ; free physical = 26411 ; free virtual = 345202
INFO: [Project 1-571] Translating synthesized netlist
INFO: [Project 1-570] Preparing netlist for logic optimization
INFO: [Opt 31-138] Pushed 0 inverter(s) to 0 load pin(s).
INFO: [Project 1-111] Unisim Transformation Summary:
No Unisim elements were transformed.

INFO: [Common 17-83] Releasing license: Synthesis
27 Infos, 13 Warnings, 0 Critical Warnings and 0 Errors encountered.
synth_design completed successfully
synth_design: Time (s): cpu = 00:00:29 ; elapsed = 00:00:57 . Memory (MB): peak = 1781.309 ; gain = 484.918 ; free physical = 26307 ; free virtual = 345098
INFO: [Common 17-1381] The checkpoint '/home/balance/work/FPGA/nthu_sys_lcm_only/nthu_sys_lcm_only.runs/urbana_test_lect8_0_0_synth_1/urbana_test_lect8_0_0.dcp' has been generated.
