#-----------------------------------------------------------
# Vivado v2017.4 (64-bit)
# SW Build 2086221 on Fri Dec 15 20:55:39 MST 2017
# IP Build 2085800 on Fri Dec 15 22:25:07 MST 2017
# Start of session at: Thu Jun 13 23:23:32 2024
# Process ID: 2700
# Current directory: D:/Security/nthu_sys_lcm_only
# Command line: vivado.exe -gui_launcher_event rodinguilauncherevent21908 D:\Security\nthu_sys_lcm_only\nthu_sys_lcm_only.xpr
# Log file: D:/Security/nthu_sys_lcm_only/vivado.log
# Journal file: D:/Security/nthu_sys_lcm_only\vivado.jou
#-----------------------------------------------------------
start_gui
open_project D:/Security/nthu_sys_lcm_only/nthu_sys_lcm_only.xpr
Scanning sources...
Finished scanning sources
WARNING: [filemgmt 56-3] IP Repository Path: Could not find the directory 'D:/Security/nthu_fpga_system/axi_ip'.
WARNING: [filemgmt 56-3] IP Repository Path: Could not find the directory 'D:/Security/nthu_ip_location'.
INFO: [IP_Flow 19-234] Refreshing IP repositories
WARNING: [IP_Flow 19-2248] Failed to load user IP repository 'd:/Security/nthu_fpga_system/axi_ip'; Can't find the specified path.
If this directory should no longer be in your list of user repositories, go to the IP Settings dialog and remove it.
INFO: [IP_Flow 19-1700] Loaded user IP repository 'd:/Security/HW4'.
WARNING: [IP_Flow 19-2248] Failed to load user IP repository 'd:/Security/nthu_ip_location'; Can't find the specified path.
If this directory should no longer be in your list of user repositories, go to the IP Settings dialog and remove it.
INFO: [IP_Flow 19-2313] Loaded Vivado IP repository 'D:/Xilinx/Vivado/2017.4/data/ip'.
open_project: Time (s): cpu = 00:00:10 ; elapsed = 00:00:23 . Memory (MB): peak = 779.492 ; gain = 146.457
update_compile_order -fileset sources_1
launch_sdk -workspace D:/Security/nthu_sys_lcm_only/nthu_sys_lcm_only.sdk -hwspec D:/Security/nthu_sys_lcm_only/nthu_sys_lcm_only.sdk/urbana_wrapper.hdf
INFO: [Vivado 12-393] Launching SDK...
INFO: [Vivado 12-417] Running xsdk -workspace D:/Security/nthu_sys_lcm_only/nthu_sys_lcm_only.sdk -hwspec D:/Security/nthu_sys_lcm_only/nthu_sys_lcm_only.sdk/urbana_wrapper.hdf
INFO: [Vivado 12-3157] SDK launch initiated. Please check console for any further messages.
exit
INFO: [Common 17-206] Exiting Vivado at Fri Jun 14 02:04:12 2024...
